Flow report for Numeros_Primos
Mon Feb 20 07:32:02 2023
Quartus Prime Version 20.1.0 Build 711 06/05/2020 SJ Lite Edition


---------------------
; Table of Contents ;
---------------------
  1. Legal Notice
  2. Flow Summary
  3. Flow Settings
  4. Flow Non-Default Global Settings
  5. Flow Elapsed Time
  6. Flow OS Summary
  7. Flow Log
  8. Flow Messages
  9. Flow Suppressed Messages



----------------
; Legal Notice ;
----------------
Copyright (C) 2020  Intel Corporation. All rights reserved.
Your use of Intel Corporation's design tools, logic functions 
and other software and tools, and any partner logic 
functions, and any output files from any of the foregoing 
(including device programming or simulation files), and any 
associated documentation or information are expressly subject 
to the terms and conditions of the Intel Program License 
Subscription Agreement, the Intel Quartus Prime License Agreement,
the Intel FPGA IP License Agreement, or other applicable license
agreement, including, without limitation, that your use is for
the sole purpose of programming logic devices manufactured by
Intel and sold by Intel or its authorized distributors.  Please
refer to the applicable agreement for further details, at
https://fpgasoftware.intel.com/eula.



+----------------------------------------------------------------------------------+
; Flow Summary                                                                     ;
+------------------------------------+---------------------------------------------+
; Flow Status                        ; Successful - Mon Feb 20 07:32:02 2023       ;
; Quartus Prime Version              ; 20.1.0 Build 711 06/05/2020 SJ Lite Edition ;
; Revision Name                      ; Numeros_Primos                              ;
; Top-level Entity Name              ; NUMPRIMOS                                   ;
; Family                             ; MAX 10                                      ;
; Device                             ; 10M50DAF484C6GES                            ;
; Timing Models                      ; Preliminary                                 ;
; Total logic elements               ; 2 / 49,760 ( < 1 % )                        ;
;     Total combinational functions  ; 2 / 49,760 ( < 1 % )                        ;
;     Dedicated logic registers      ; 0 / 49,760 ( 0 % )                          ;
; Total registers                    ; 0                                           ;
; Total pins                         ; 5 / 360 ( 1 % )                             ;
; Total virtual pins                 ; 0                                           ;
; Total memory bits                  ; 0 / 1,677,312 ( 0 % )                       ;
; Embedded Multiplier 9-bit elements ; 0 / 288 ( 0 % )                             ;
; Total PLLs                         ; 0 / 4 ( 0 % )                               ;
; UFM blocks                         ; 0 / 1 ( 0 % )                               ;
; ADC blocks                         ; 0 / 2 ( 0 % )                               ;
+------------------------------------+---------------------------------------------+


+-----------------------------------------+
; Flow Settings                           ;
+-------------------+---------------------+
; Option            ; Setting             ;
+-------------------+---------------------+
; Start date & time ; 02/20/2023 07:30:45 ;
; Main task         ; Compilation         ;
; Revision Name     ; Numeros_Primos      ;
+-------------------+---------------------+


+-------------------------------------------------------------------------------------------------------------------------------+
; Flow Non-Default Global Settings                                                                                              ;
+--------------------------------------+----------------------------------------+----------------+-------------+----------------+
; Assignment Name                      ; Value                                  ; Default Value  ; Entity Name ; Section Id     ;
+--------------------------------------+----------------------------------------+----------------+-------------+----------------+
; COMPILER_SIGNATURE_ID                ; 273184157922270.167689984406252        ; --             ; --          ; --             ;
; EDA_DESIGN_INSTANCE_NAME             ; NA                                     ; --             ; --          ; NUMPRIMOS_tb   ;
; EDA_NATIVELINK_SIMULATION_TEST_BENCH ; NUMPRIMOS_tb                           ; --             ; --          ; eda_simulation ;
; EDA_OUTPUT_DATA_FORMAT               ; Verilog Hdl                            ; --             ; --          ; eda_simulation ;
; EDA_SIMULATION_TOOL                  ; ModelSim-Altera (Verilog)              ; <None>         ; --          ; --             ;
; EDA_TEST_BENCH_ENABLE_STATUS         ; TEST_BENCH_MODE                        ; --             ; --          ; eda_simulation ;
; EDA_TEST_BENCH_FILE                  ; NUMPRIMOS_tb.v                         ; --             ; --          ; NUMPRIMOS_tb   ;
; EDA_TEST_BENCH_MODULE_NAME           ; NUMPRIMOS_tb                           ; --             ; --          ; NUMPRIMOS_tb   ;
; EDA_TEST_BENCH_NAME                  ; NUMPRIMOS_tb                           ; --             ; --          ; eda_simulation ;
; EDA_TIME_SCALE                       ; 1 ps                                   ; --             ; --          ; eda_simulation ;
; MAX_CORE_JUNCTION_TEMP               ; 85                                     ; --             ; --          ; --             ;
; MIN_CORE_JUNCTION_TEMP               ; 0                                      ; --             ; --          ; --             ;
; PARTITION_COLOR                      ; -- (Not supported for targeted family) ; --             ; NUMPRIMOS   ; Top            ;
; PARTITION_FITTER_PRESERVATION_LEVEL  ; -- (Not supported for targeted family) ; --             ; NUMPRIMOS   ; Top            ;
; PARTITION_NETLIST_TYPE               ; -- (Not supported for targeted family) ; --             ; NUMPRIMOS   ; Top            ;
; POWER_BOARD_THERMAL_MODEL            ; None (CONSERVATIVE)                    ; --             ; --          ; --             ;
; POWER_PRESET_COOLING_SOLUTION        ; 23 MM HEAT SINK WITH 200 LFPM AIRFLOW  ; --             ; --          ; --             ;
; PROJECT_OUTPUT_DIRECTORY             ; output_files                           ; --             ; --          ; --             ;
; TOP_LEVEL_ENTITY                     ; NUMPRIMOS                              ; Numeros_Primos ; --          ; --             ;
+--------------------------------------+----------------------------------------+----------------+-------------+----------------+


+--------------------------------------------------------------------------------------------------------------------------+
; Flow Elapsed Time                                                                                                        ;
+----------------------+--------------+-------------------------+---------------------+------------------------------------+
; Module Name          ; Elapsed Time ; Average Processors Used ; Peak Virtual Memory ; Total CPU Time (on all processors) ;
+----------------------+--------------+-------------------------+---------------------+------------------------------------+
; Analysis & Synthesis ; 00:00:21     ; 1.0                     ; 4750 MB             ; 00:00:46                           ;
; Fitter               ; 00:00:23     ; 1.0                     ; 5644 MB             ; 00:00:16                           ;
; Assembler            ; 00:00:07     ; 1.0                     ; 4689 MB             ; 00:00:05                           ;
; Timing Analyzer      ; 00:00:08     ; 1.0                     ; 4823 MB             ; 00:00:05                           ;
; EDA Netlist Writer   ; 00:00:02     ; 1.0                     ; 4641 MB             ; 00:00:01                           ;
; Total                ; 00:01:01     ; --                      ; --                  ; 00:01:13                           ;
+----------------------+--------------+-------------------------+---------------------+------------------------------------+


+------------------------------------------------------------------------------------+
; Flow OS Summary                                                                    ;
+----------------------+------------------+------------+------------+----------------+
; Module Name          ; Machine Hostname ; OS Name    ; OS Version ; Processor type ;
+----------------------+------------------+------------+------------+----------------+
; Analysis & Synthesis ; LAPTOP-NFGBD6DO  ; Windows 10 ; 10.0       ; x86_64         ;
; Fitter               ; LAPTOP-NFGBD6DO  ; Windows 10 ; 10.0       ; x86_64         ;
; Assembler            ; LAPTOP-NFGBD6DO  ; Windows 10 ; 10.0       ; x86_64         ;
; Timing Analyzer      ; LAPTOP-NFGBD6DO  ; Windows 10 ; 10.0       ; x86_64         ;
; EDA Netlist Writer   ; LAPTOP-NFGBD6DO  ; Windows 10 ; 10.0       ; x86_64         ;
+----------------------+------------------+------------+------------+----------------+


------------
; Flow Log ;
------------
quartus_map --read_settings_files=on --write_settings_files=off Numeros_Primos -c Numeros_Primos
quartus_fit --read_settings_files=off --write_settings_files=off Numeros_Primos -c Numeros_Primos
quartus_asm --read_settings_files=off --write_settings_files=off Numeros_Primos -c Numeros_Primos
quartus_sta Numeros_Primos -c Numeros_Primos
quartus_eda --read_settings_files=off --write_settings_files=off Numeros_Primos -c Numeros_Primos



