Analysis & Elaboration report for FSM_PW
Thu Mar 09 08:08:50 2023
Quartus Prime Version 20.1.0 Build 711 06/05/2020 SJ Lite Edition


---------------------
; Table of Contents ;
---------------------
  1. Legal Notice
  2. Analysis & Elaboration Summary
  3. Parallel Compilation
  4. Parameter Settings for User Entity Instance: FSM_with_debouncer:WRAPPER
  5. Parameter Settings for User Entity Instance: FSM_with_debouncer:WRAPPER|debouncer:DEB
  6. Parameter Settings for User Entity Instance: FSM_with_debouncer:WRAPPER|debouncer:DEB|counterDebouncer:CONTEO_DEBOUNCER
  7. Parameter Settings for User Entity Instance: FSM_with_debouncer:WRAPPER|debouncer:DEB|ff_d:REGISTRO_GUARDAR
  8. Parameter Settings for User Entity Instance: FSM_with_debouncer:WRAPPER|FSM_PW:MAQUINA_ESTADOS
  9. Analysis & Elaboration Settings
 10. Port Connectivity Checks: "FSM_with_debouncer:WRAPPER|seven7:DISPLAY_ESTADOS"
 11. Port Connectivity Checks: "FSM_with_debouncer:WRAPPER|FSM_PW:MAQUINA_ESTADOS"
 12. Analysis & Elaboration Messages
 13. Analysis & Elaboration Suppressed Messages



----------------
; Legal Notice ;
----------------
Copyright (C) 2020  Intel Corporation. All rights reserved.
Your use of Intel Corporation's design tools, logic functions 
and other software and tools, and any partner logic 
functions, and any output files from any of the foregoing 
(including device programming or simulation files), and any 
associated documentation or information are expressly subject 
to the terms and conditions of the Intel Program License 
Subscription Agreement, the Intel Quartus Prime License Agreement,
the Intel FPGA IP License Agreement, or other applicable license
agreement, including, without limitation, that your use is for
the sole purpose of programming logic devices manufactured by
Intel and sold by Intel or its authorized distributors.  Please
refer to the applicable agreement for further details, at
https://fpgasoftware.intel.com/eula.



+----------------------------------------------------------------------------------+
; Analysis & Elaboration Summary                                                   ;
+------------------------------------+---------------------------------------------+
; Analysis & Elaboration Status      ; Successful - Thu Mar 09 08:08:50 2023       ;
; Quartus Prime Version              ; 20.1.0 Build 711 06/05/2020 SJ Lite Edition ;
; Revision Name                      ; FSM_PW                                      ;
; Top-level Entity Name              ; wrapper                                     ;
; Family                             ; MAX 10                                      ;
; Total logic elements               ; N/A until Partition Merge                   ;
;     Total combinational functions  ; N/A until Partition Merge                   ;
;     Dedicated logic registers      ; N/A until Partition Merge                   ;
; Total registers                    ; N/A until Partition Merge                   ;
; Total pins                         ; N/A until Partition Merge                   ;
; Total virtual pins                 ; N/A until Partition Merge                   ;
; Total memory bits                  ; N/A until Partition Merge                   ;
; Embedded Multiplier 9-bit elements ; N/A until Partition Merge                   ;
; Total PLLs                         ; N/A until Partition Merge                   ;
; UFM blocks                         ; N/A until Partition Merge                   ;
; ADC blocks                         ; N/A until Partition Merge                   ;
+------------------------------------+---------------------------------------------+


+------------------------------------------+
; Parallel Compilation                     ;
+----------------------------+-------------+
; Processors                 ; Number      ;
+----------------------------+-------------+
; Number detected on machine ; 8           ;
; Maximum allowed            ; 4           ;
;                            ;             ;
; Average used               ; 1.00        ;
; Maximum used               ; 1           ;
;                            ;             ;
; Usage by Processor         ; % Time Used ;
;     Processor 1            ; 100.0%      ;
+----------------------------+-------------+


+-------------------------------------------------------------------------+
; Parameter Settings for User Entity Instance: FSM_with_debouncer:WRAPPER ;
+----------------+-------+------------------------------------------------+
; Parameter Name ; Value ; Type                                           ;
+----------------+-------+------------------------------------------------+
; Bits           ; 4     ; Signed Integer                                 ;
+----------------+-------+------------------------------------------------+
Note: In order to hide this table in the UI and the text report file, please set the "Show Parameter Settings in Synthesis Report" option in "Analysis and Synthesis Settings -> More Settings" to "Off".


+---------------------------------------------------------------------------------------+
; Parameter Settings for User Entity Instance: FSM_with_debouncer:WRAPPER|debouncer:DEB ;
+----------------+--------+-------------------------------------------------------------+
; Parameter Name ; Value  ; Type                                                        ;
+----------------+--------+-------------------------------------------------------------+
; C_MAX          ; 500000 ; Signed Integer                                              ;
+----------------+--------+-------------------------------------------------------------+
Note: In order to hide this table in the UI and the text report file, please set the "Show Parameter Settings in Synthesis Report" option in "Analysis and Synthesis Settings -> More Settings" to "Off".


+-------------------------------------------------------------------------------------------------------------------------+
; Parameter Settings for User Entity Instance: FSM_with_debouncer:WRAPPER|debouncer:DEB|counterDebouncer:CONTEO_DEBOUNCER ;
+----------------+--------+-----------------------------------------------------------------------------------------------+
; Parameter Name ; Value  ; Type                                                                                          ;
+----------------+--------+-----------------------------------------------------------------------------------------------+
; C_MAX          ; 500000 ; Signed Integer                                                                                ;
+----------------+--------+-----------------------------------------------------------------------------------------------+
Note: In order to hide this table in the UI and the text report file, please set the "Show Parameter Settings in Synthesis Report" option in "Analysis and Synthesis Settings -> More Settings" to "Off".


+-------------------------------------------------------------------------------------------------------------+
; Parameter Settings for User Entity Instance: FSM_with_debouncer:WRAPPER|debouncer:DEB|ff_d:REGISTRO_GUARDAR ;
+----------------+-------+------------------------------------------------------------------------------------+
; Parameter Name ; Value ; Type                                                                               ;
+----------------+-------+------------------------------------------------------------------------------------+
; BITS           ; 1     ; Signed Integer                                                                     ;
+----------------+-------+------------------------------------------------------------------------------------+
Note: In order to hide this table in the UI and the text report file, please set the "Show Parameter Settings in Synthesis Report" option in "Analysis and Synthesis Settings -> More Settings" to "Off".


+------------------------------------------------------------------------------------------------+
; Parameter Settings for User Entity Instance: FSM_with_debouncer:WRAPPER|FSM_PW:MAQUINA_ESTADOS ;
+----------------+-------+-----------------------------------------------------------------------+
; Parameter Name ; Value ; Type                                                                  ;
+----------------+-------+-----------------------------------------------------------------------+
; Bits           ; 4     ; Signed Integer                                                        ;
+----------------+-------+-----------------------------------------------------------------------+
Note: In order to hide this table in the UI and the text report file, please set the "Show Parameter Settings in Synthesis Report" option in "Analysis and Synthesis Settings -> More Settings" to "Off".


+------------------------------------------------------------------------------------------------------------+
; Analysis & Elaboration Settings                                                                            ;
+------------------------------------------------------------------+--------------------+--------------------+
; Option                                                           ; Setting            ; Default Value      ;
+------------------------------------------------------------------+--------------------+--------------------+
; Device                                                           ; 10M50DAF484C7G     ;                    ;
; Top-level entity name                                            ; wrapper            ; FSM_PW             ;
; Family name                                                      ; MAX 10             ; Cyclone V          ;
; Use smart compilation                                            ; Off                ; Off                ;
; Enable parallel Assembler and Timing Analyzer during compilation ; On                 ; On                 ;
; Enable compact report table                                      ; Off                ; Off                ;
; Restructure Multiplexers                                         ; Auto               ; Auto               ;
; Create Debugging Nodes for IP Cores                              ; Off                ; Off                ;
; Preserve fewer node names                                        ; On                 ; On                 ;
; Intel FPGA IP Evaluation Mode                                    ; Enable             ; Enable             ;
; Verilog Version                                                  ; Verilog_2001       ; Verilog_2001       ;
; VHDL Version                                                     ; VHDL_1993          ; VHDL_1993          ;
; State Machine Processing                                         ; Auto               ; Auto               ;
; Safe State Machine                                               ; Off                ; Off                ;
; Extract Verilog State Machines                                   ; On                 ; On                 ;
; Extract VHDL State Machines                                      ; On                 ; On                 ;
; Ignore Verilog initial constructs                                ; Off                ; Off                ;
; Iteration limit for constant Verilog loops                       ; 5000               ; 5000               ;
; Iteration limit for non-constant Verilog loops                   ; 250                ; 250                ;
; Add Pass-Through Logic to Inferred RAMs                          ; On                 ; On                 ;
; Infer RAMs from Raw Logic                                        ; On                 ; On                 ;
; Parallel Synthesis                                               ; On                 ; On                 ;
; DSP Block Balancing                                              ; Auto               ; Auto               ;
; NOT Gate Push-Back                                               ; On                 ; On                 ;
; Power-Up Don't Care                                              ; On                 ; On                 ;
; Remove Redundant Logic Cells                                     ; Off                ; Off                ;
; Remove Duplicate Registers                                       ; On                 ; On                 ;
; Ignore CARRY Buffers                                             ; Off                ; Off                ;
; Ignore CASCADE Buffers                                           ; Off                ; Off                ;
; Ignore GLOBAL Buffers                                            ; Off                ; Off                ;
; Ignore ROW GLOBAL Buffers                                        ; Off                ; Off                ;
; Ignore LCELL Buffers                                             ; Off                ; Off                ;
; Ignore SOFT Buffers                                              ; On                 ; On                 ;
; Limit AHDL Integers to 32 Bits                                   ; Off                ; Off                ;
; Optimization Technique                                           ; Balanced           ; Balanced           ;
; Carry Chain Length                                               ; 70                 ; 70                 ;
; Auto Carry Chains                                                ; On                 ; On                 ;
; Auto Open-Drain Pins                                             ; On                 ; On                 ;
; Perform WYSIWYG Primitive Resynthesis                            ; Off                ; Off                ;
; Auto ROM Replacement                                             ; On                 ; On                 ;
; Auto RAM Replacement                                             ; On                 ; On                 ;
; Auto DSP Block Replacement                                       ; On                 ; On                 ;
; Auto Shift Register Replacement                                  ; Auto               ; Auto               ;
; Allow Shift Register Merging across Hierarchies                  ; Auto               ; Auto               ;
; Auto Clock Enable Replacement                                    ; On                 ; On                 ;
; Strict RAM Replacement                                           ; Off                ; Off                ;
; Allow Synchronous Control Signals                                ; On                 ; On                 ;
; Force Use of Synchronous Clear Signals                           ; Off                ; Off                ;
; Auto RAM Block Balancing                                         ; On                 ; On                 ;
; Auto RAM to Logic Cell Conversion                                ; Off                ; Off                ;
; Auto Resource Sharing                                            ; Off                ; Off                ;
; Allow Any RAM Size For Recognition                               ; Off                ; Off                ;
; Allow Any ROM Size For Recognition                               ; Off                ; Off                ;
; Allow Any Shift Register Size For Recognition                    ; Off                ; Off                ;
; Use LogicLock Constraints during Resource Balancing              ; On                 ; On                 ;
; Ignore translate_off and synthesis_off directives                ; Off                ; Off                ;
; Timing-Driven Synthesis                                          ; On                 ; On                 ;
; Report Parameter Settings                                        ; On                 ; On                 ;
; Report Source Assignments                                        ; On                 ; On                 ;
; Report Connectivity Checks                                       ; On                 ; On                 ;
; Ignore Maximum Fan-Out Assignments                               ; Off                ; Off                ;
; Synchronization Register Chain Length                            ; 2                  ; 2                  ;
; Power Optimization During Synthesis                              ; Normal compilation ; Normal compilation ;
; HDL message level                                                ; Level2             ; Level2             ;
; Suppress Register Optimization Related Messages                  ; Off                ; Off                ;
; Number of Removed Registers Reported in Synthesis Report         ; 5000               ; 5000               ;
; Number of Swept Nodes Reported in Synthesis Report               ; 5000               ; 5000               ;
; Number of Inverted Registers Reported in Synthesis Report        ; 100                ; 100                ;
; Clock MUX Protection                                             ; On                 ; On                 ;
; Auto Gated Clock Conversion                                      ; Off                ; Off                ;
; Block Design Naming                                              ; Auto               ; Auto               ;
; SDC constraint protection                                        ; Off                ; Off                ;
; Synthesis Effort                                                 ; Auto               ; Auto               ;
; Shift Register Replacement - Allow Asynchronous Clear Signal     ; On                 ; On                 ;
; Pre-Mapping Resynthesis Optimization                             ; Off                ; Off                ;
; Analysis & Synthesis Message Level                               ; Medium             ; Medium             ;
; Disable Register Merging Across Hierarchies                      ; Auto               ; Auto               ;
; Resource Aware Inference For Block RAM                           ; On                 ; On                 ;
+------------------------------------------------------------------+--------------------+--------------------+


+-----------------------------------------------------------------------------------------------------------------------------------------------------------------------+
; Port Connectivity Checks: "FSM_with_debouncer:WRAPPER|seven7:DISPLAY_ESTADOS"                                                                                         ;
+------+-------+----------+---------------------------------------------------------------------------------------------------------------------------------------------+
; Port ; Type  ; Severity ; Details                                                                                                                                     ;
+------+-------+----------+---------------------------------------------------------------------------------------------------------------------------------------------+
; bcd  ; Input ; Warning  ; Input port expression (3 bits) is smaller than the input port (4 bits) it drives.  Extra input bit(s) "bcd[3..3]" will be connected to GND. ;
+------+-------+----------+---------------------------------------------------------------------------------------------------------------------------------------------+


+----------------------------------------------------------------------------------------------------------------------------------------------------------------------------+
; Port Connectivity Checks: "FSM_with_debouncer:WRAPPER|FSM_PW:MAQUINA_ESTADOS"                                                                                              ;
+------------------+--------+----------+-------------------------------------------------------------------------------------------------------------------------------------+
; Port             ; Type   ; Severity ; Details                                                                                                                             ;
+------------------+--------+----------+-------------------------------------------------------------------------------------------------------------------------------------+
; estado_debouncer ; Output ; Warning  ; Output or bidir port (3 bits) is wider than the port expression (1 bits) it drives; bit(s) "estado_debouncer[2..1]" have no fanouts ;
+------------------+--------+----------+-------------------------------------------------------------------------------------------------------------------------------------+


+---------------------------------+
; Analysis & Elaboration Messages ;
+---------------------------------+
Info: *******************************************************************
Info: Running Quartus Prime Analysis & Elaboration
    Info: Version 20.1.0 Build 711 06/05/2020 SJ Lite Edition
    Info: Processing started: Thu Mar 09 08:08:36 2023
Info: Command: quartus_map --read_settings_files=on --write_settings_files=off FSM_PW -c FSM_PW --analysis_and_elaboration
Warning (18236): Number of processors has not been specified which may cause overloading on shared machines.  Set the global assignment NUM_PARALLEL_PROCESSORS in your QSF to an appropriate value for best performance.
Info (20030): Parallel compilation is enabled and will use 4 of the 4 processors detected
Info (12021): Found 1 design units, including 1 entities, in source file /users/victo/onedrive/escritorio/escuela victoria/universidad/logica programable/7 segmentos/seven7.v
    Info (12023): Found entity 1: seven7 File: C:/Users/victo/OneDrive/Escritorio/Escuela Victoria/Universidad/Logica Programable/7 segmentos/seven7.v Line: 1
Info (12021): Found 1 design units, including 1 entities, in source file /users/victo/onedrive/escritorio/escuela victoria/universidad/logica programable/debouncer/ff_d.v
    Info (12023): Found entity 1: ff_d File: C:/Users/victo/OneDrive/Escritorio/Escuela Victoria/Universidad/Logica Programable/Debouncer/ff_d.v Line: 1
Info (12021): Found 1 design units, including 1 entities, in source file /users/victo/onedrive/escritorio/escuela victoria/universidad/logica programable/debouncer/debouncer.v
    Info (12023): Found entity 1: debouncer File: C:/Users/victo/OneDrive/Escritorio/Escuela Victoria/Universidad/Logica Programable/Debouncer/debouncer.v Line: 1
Info (12021): Found 1 design units, including 1 entities, in source file /users/victo/onedrive/escritorio/escuela victoria/universidad/logica programable/debouncer/counterdebouncer.v
    Info (12023): Found entity 1: counterDebouncer File: C:/Users/victo/OneDrive/Escritorio/Escuela Victoria/Universidad/Logica Programable/Debouncer/counterDebouncer.v Line: 1
Info (12021): Found 1 design units, including 1 entities, in source file fsm_pw.v
    Info (12023): Found entity 1: FSM_PW File: C:/Users/victo/OneDrive/Escritorio/Escuela Victoria/Universidad/Logica Programable/Password_FSM/FSM_PW.v Line: 13
Info (12021): Found 1 design units, including 1 entities, in source file fsm_pw_tb.v
    Info (12023): Found entity 1: FSM_PW_tb File: C:/Users/victo/OneDrive/Escritorio/Escuela Victoria/Universidad/Logica Programable/Password_FSM/FSM_PW_tb.v Line: 1
Info (12021): Found 1 design units, including 1 entities, in source file fsm_with_debouncer.v
    Info (12023): Found entity 1: FSM_with_debouncer File: C:/Users/victo/OneDrive/Escritorio/Escuela Victoria/Universidad/Logica Programable/Password_FSM/FSM_with_debouncer.v Line: 1
Info (12021): Found 1 design units, including 1 entities, in source file wrapper.v
    Info (12023): Found entity 1: wrapper File: C:/Users/victo/OneDrive/Escritorio/Escuela Victoria/Universidad/Logica Programable/Password_FSM/wrapper.v Line: 1
Warning (10222): Verilog HDL Parameter Declaration warning at FSM_PW.v(32): Parameter Declaration in module "FSM_PW" behaves as a Local Parameter Declaration because the module has a Module Parameter Port List File: C:/Users/victo/OneDrive/Escritorio/Escuela Victoria/Universidad/Logica Programable/Password_FSM/FSM_PW.v Line: 32
Info (12127): Elaborating entity "wrapper" for the top level hierarchy
Warning (10034): Output port "LEDR[8..1]" at wrapper.v(8) has no driver File: C:/Users/victo/OneDrive/Escritorio/Escuela Victoria/Universidad/Logica Programable/Password_FSM/wrapper.v Line: 8
Info (12128): Elaborating entity "FSM_with_debouncer" for hierarchy "FSM_with_debouncer:WRAPPER" File: C:/Users/victo/OneDrive/Escritorio/Escuela Victoria/Universidad/Logica Programable/Password_FSM/wrapper.v Line: 19
Info (12128): Elaborating entity "debouncer" for hierarchy "FSM_with_debouncer:WRAPPER|debouncer:DEB" File: C:/Users/victo/OneDrive/Escritorio/Escuela Victoria/Universidad/Logica Programable/Password_FSM/FSM_with_debouncer.v Line: 16
Info (12128): Elaborating entity "counterDebouncer" for hierarchy "FSM_with_debouncer:WRAPPER|debouncer:DEB|counterDebouncer:CONTEO_DEBOUNCER" File: C:/Users/victo/OneDrive/Escritorio/Escuela Victoria/Universidad/Logica Programable/Debouncer/debouncer.v Line: 11
Warning (10230): Verilog HDL assignment warning at counterDebouncer.v(24): truncated value with size 32 to match size of target (19) File: C:/Users/victo/OneDrive/Escritorio/Escuela Victoria/Universidad/Logica Programable/Debouncer/counterDebouncer.v Line: 24
Info (12128): Elaborating entity "ff_d" for hierarchy "FSM_with_debouncer:WRAPPER|debouncer:DEB|ff_d:REGISTRO_GUARDAR" File: C:/Users/victo/OneDrive/Escritorio/Escuela Victoria/Universidad/Logica Programable/Debouncer/debouncer.v Line: 20
Info (12128): Elaborating entity "FSM_PW" for hierarchy "FSM_with_debouncer:WRAPPER|FSM_PW:MAQUINA_ESTADOS" File: C:/Users/victo/OneDrive/Escritorio/Escuela Victoria/Universidad/Logica Programable/Password_FSM/FSM_with_debouncer.v Line: 26
Info (12128): Elaborating entity "seven7" for hierarchy "FSM_with_debouncer:WRAPPER|seven7:DISPLAY_ESTADOS" File: C:/Users/victo/OneDrive/Escritorio/Escuela Victoria/Universidad/Logica Programable/Password_FSM/FSM_with_debouncer.v Line: 31
Warning (12241): 2 hierarchies have connectivity warnings - see the Connectivity Checks report folder
Info (144001): Generated suppressed messages file C:/Users/victo/OneDrive/Escritorio/Escuela Victoria/Universidad/Logica Programable/Password_FSM/output_files/FSM_PW.map.smsg
Info: Quartus Prime Analysis & Elaboration was successful. 0 errors, 5 warnings
    Info: Peak virtual memory: 4699 megabytes
    Info: Processing ended: Thu Mar 09 08:08:50 2023
    Info: Elapsed time: 00:00:14
    Info: Total CPU time (on all processors): 00:00:31


+--------------------------------------------+
; Analysis & Elaboration Suppressed Messages ;
+--------------------------------------------+
The suppressed messages can be found in C:/Users/victo/OneDrive/Escritorio/Escuela Victoria/Universidad/Logica Programable/Password_FSM/output_files/FSM_PW.map.smsg.


