Analysis & Synthesis report for Velocidades
Sat Mar 11 22:12:34 2023
Quartus Prime Version 20.1.0 Build 711 06/05/2020 SJ Lite Edition


---------------------
; Table of Contents ;
---------------------
  1. Legal Notice
  2. Analysis & Synthesis Summary
  3. Analysis & Synthesis Settings
  4. Parallel Compilation
  5. Analysis & Synthesis Source Files Read
  6. Analysis & Synthesis Resource Usage Summary
  7. Analysis & Synthesis Resource Utilization by Entity
  8. Analysis & Synthesis DSP Block Usage Summary
  9. General Register Statistics
 10. Parameter Settings for Inferred Entity Instance: lpm_mult:Mult0
 11. Parameter Settings for Inferred Entity Instance: lpm_mult:Mult2
 12. Parameter Settings for Inferred Entity Instance: lpm_mult:Mult1
 13. lpm_mult Parameter Settings by Entity Instance
 14. Post-Synthesis Netlist Statistics for Top Partition
 15. Elapsed Time Per Partition
 16. Analysis & Synthesis Messages



----------------
; Legal Notice ;
----------------
Copyright (C) 2020  Intel Corporation. All rights reserved.
Your use of Intel Corporation's design tools, logic functions 
and other software and tools, and any partner logic 
functions, and any output files from any of the foregoing 
(including device programming or simulation files), and any 
associated documentation or information are expressly subject 
to the terms and conditions of the Intel Program License 
Subscription Agreement, the Intel Quartus Prime License Agreement,
the Intel FPGA IP License Agreement, or other applicable license
agreement, including, without limitation, that your use is for
the sole purpose of programming logic devices manufactured by
Intel and sold by Intel or its authorized distributors.  Please
refer to the applicable agreement for further details, at
https://fpgasoftware.intel.com/eula.



+----------------------------------------------------------------------------------+
; Analysis & Synthesis Summary                                                     ;
+------------------------------------+---------------------------------------------+
; Analysis & Synthesis Status        ; Successful - Sat Mar 11 22:12:34 2023       ;
; Quartus Prime Version              ; 20.1.0 Build 711 06/05/2020 SJ Lite Edition ;
; Revision Name                      ; Velocidades                                 ;
; Top-level Entity Name              ; Operacion                                   ;
; Family                             ; MAX 10                                      ;
; Total logic elements               ; 74                                          ;
;     Total combinational functions  ; 70                                          ;
;     Dedicated logic registers      ; 12                                          ;
; Total registers                    ; 12                                          ;
; Total pins                         ; 13                                          ;
; Total virtual pins                 ; 0                                           ;
; Total memory bits                  ; 0                                           ;
; Embedded Multiplier 9-bit elements ; 1                                           ;
; Total PLLs                         ; 0                                           ;
; UFM blocks                         ; 0                                           ;
; ADC blocks                         ; 0                                           ;
+------------------------------------+---------------------------------------------+


+------------------------------------------------------------------------------------------------------------+
; Analysis & Synthesis Settings                                                                              ;
+------------------------------------------------------------------+--------------------+--------------------+
; Option                                                           ; Setting            ; Default Value      ;
+------------------------------------------------------------------+--------------------+--------------------+
; Device                                                           ; 10M50DAF484C6GES   ;                    ;
; Top-level entity name                                            ; Operacion          ; Velocidades        ;
; Family name                                                      ; MAX 10             ; Cyclone V          ;
; Use smart compilation                                            ; Off                ; Off                ;
; Enable parallel Assembler and Timing Analyzer during compilation ; On                 ; On                 ;
; Enable compact report table                                      ; Off                ; Off                ;
; Restructure Multiplexers                                         ; Auto               ; Auto               ;
; Create Debugging Nodes for IP Cores                              ; Off                ; Off                ;
; Preserve fewer node names                                        ; On                 ; On                 ;
; Intel FPGA IP Evaluation Mode                                    ; Enable             ; Enable             ;
; Verilog Version                                                  ; Verilog_2001       ; Verilog_2001       ;
; VHDL Version                                                     ; VHDL_1993          ; VHDL_1993          ;
; State Machine Processing                                         ; Auto               ; Auto               ;
; Safe State Machine                                               ; Off                ; Off                ;
; Extract Verilog State Machines                                   ; On                 ; On                 ;
; Extract VHDL State Machines                                      ; On                 ; On                 ;
; Ignore Verilog initial constructs                                ; Off                ; Off                ;
; Iteration limit for constant Verilog loops                       ; 5000               ; 5000               ;
; Iteration limit for non-constant Verilog loops                   ; 250                ; 250                ;
; Add Pass-Through Logic to Inferred RAMs                          ; On                 ; On                 ;
; Infer RAMs from Raw Logic                                        ; On                 ; On                 ;
; Parallel Synthesis                                               ; On                 ; On                 ;
; DSP Block Balancing                                              ; Auto               ; Auto               ;
; NOT Gate Push-Back                                               ; On                 ; On                 ;
; Power-Up Don't Care                                              ; On                 ; On                 ;
; Remove Redundant Logic Cells                                     ; Off                ; Off                ;
; Remove Duplicate Registers                                       ; On                 ; On                 ;
; Ignore CARRY Buffers                                             ; Off                ; Off                ;
; Ignore CASCADE Buffers                                           ; Off                ; Off                ;
; Ignore GLOBAL Buffers                                            ; Off                ; Off                ;
; Ignore ROW GLOBAL Buffers                                        ; Off                ; Off                ;
; Ignore LCELL Buffers                                             ; Off                ; Off                ;
; Ignore SOFT Buffers                                              ; On                 ; On                 ;
; Limit AHDL Integers to 32 Bits                                   ; Off                ; Off                ;
; Optimization Technique                                           ; Balanced           ; Balanced           ;
; Carry Chain Length                                               ; 70                 ; 70                 ;
; Auto Carry Chains                                                ; On                 ; On                 ;
; Auto Open-Drain Pins                                             ; On                 ; On                 ;
; Perform WYSIWYG Primitive Resynthesis                            ; Off                ; Off                ;
; Auto ROM Replacement                                             ; On                 ; On                 ;
; Auto RAM Replacement                                             ; On                 ; On                 ;
; Auto DSP Block Replacement                                       ; On                 ; On                 ;
; Auto Shift Register Replacement                                  ; Auto               ; Auto               ;
; Allow Shift Register Merging across Hierarchies                  ; Auto               ; Auto               ;
; Auto Clock Enable Replacement                                    ; On                 ; On                 ;
; Strict RAM Replacement                                           ; Off                ; Off                ;
; Allow Synchronous Control Signals                                ; On                 ; On                 ;
; Force Use of Synchronous Clear Signals                           ; Off                ; Off                ;
; Auto RAM Block Balancing                                         ; On                 ; On                 ;
; Auto RAM to Logic Cell Conversion                                ; Off                ; Off                ;
; Auto Resource Sharing                                            ; Off                ; Off                ;
; Allow Any RAM Size For Recognition                               ; Off                ; Off                ;
; Allow Any ROM Size For Recognition                               ; Off                ; Off                ;
; Allow Any Shift Register Size For Recognition                    ; Off                ; Off                ;
; Use LogicLock Constraints during Resource Balancing              ; On                 ; On                 ;
; Ignore translate_off and synthesis_off directives                ; Off                ; Off                ;
; Timing-Driven Synthesis                                          ; On                 ; On                 ;
; Report Parameter Settings                                        ; On                 ; On                 ;
; Report Source Assignments                                        ; On                 ; On                 ;
; Report Connectivity Checks                                       ; On                 ; On                 ;
; Ignore Maximum Fan-Out Assignments                               ; Off                ; Off                ;
; Synchronization Register Chain Length                            ; 2                  ; 2                  ;
; Power Optimization During Synthesis                              ; Normal compilation ; Normal compilation ;
; HDL message level                                                ; Level2             ; Level2             ;
; Suppress Register Optimization Related Messages                  ; Off                ; Off                ;
; Number of Removed Registers Reported in Synthesis Report         ; 5000               ; 5000               ;
; Number of Swept Nodes Reported in Synthesis Report               ; 5000               ; 5000               ;
; Number of Inverted Registers Reported in Synthesis Report        ; 100                ; 100                ;
; Clock MUX Protection                                             ; On                 ; On                 ;
; Auto Gated Clock Conversion                                      ; Off                ; Off                ;
; Block Design Naming                                              ; Auto               ; Auto               ;
; SDC constraint protection                                        ; Off                ; Off                ;
; Synthesis Effort                                                 ; Auto               ; Auto               ;
; Shift Register Replacement - Allow Asynchronous Clear Signal     ; On                 ; On                 ;
; Pre-Mapping Resynthesis Optimization                             ; Off                ; Off                ;
; Analysis & Synthesis Message Level                               ; Medium             ; Medium             ;
; Disable Register Merging Across Hierarchies                      ; Auto               ; Auto               ;
; Resource Aware Inference For Block RAM                           ; On                 ; On                 ;
+------------------------------------------------------------------+--------------------+--------------------+


+------------------------------------------+
; Parallel Compilation                     ;
+----------------------------+-------------+
; Processors                 ; Number      ;
+----------------------------+-------------+
; Number detected on machine ; 8           ;
; Maximum allowed            ; 4           ;
;                            ;             ;
; Average used               ; 1.00        ;
; Maximum used               ; 4           ;
;                            ;             ;
; Usage by Processor         ; % Time Used ;
;     Processor 1            ; 100.0%      ;
;     Processors 2-4         ;   0.0%      ;
+----------------------------+-------------+


+-----------------------------------------------------------------------------------------------------------------------------------------------------------------------------------------------------------------------+
; Analysis & Synthesis Source Files Read                                                                                                                                                                                ;
+----------------------------------+-----------------+------------------------------+-------------------------------------------------------------------------------------------------------------------------+---------+
; File Name with User-Entered Path ; Used in Netlist ; File Type                    ; File Name with Absolute Path                                                                                            ; Library ;
+----------------------------------+-----------------+------------------------------+-------------------------------------------------------------------------------------------------------------------------+---------+
; Operacion.v                      ; yes             ; User Verilog HDL File        ; C:/Users/victo/OneDrive/Escritorio/Escuela Victoria/Universidad/Logica Programable/Practica operaciones/Operacion.v     ;         ;
; lpm_mult.tdf                     ; yes             ; Megafunction                 ; c:/intelfpga_lite/20.1/quartus/libraries/megafunctions/lpm_mult.tdf                                                     ;         ;
; aglobal201.inc                   ; yes             ; Megafunction                 ; c:/intelfpga_lite/20.1/quartus/libraries/megafunctions/aglobal201.inc                                                   ;         ;
; lpm_add_sub.inc                  ; yes             ; Megafunction                 ; c:/intelfpga_lite/20.1/quartus/libraries/megafunctions/lpm_add_sub.inc                                                  ;         ;
; multcore.inc                     ; yes             ; Megafunction                 ; c:/intelfpga_lite/20.1/quartus/libraries/megafunctions/multcore.inc                                                     ;         ;
; bypassff.inc                     ; yes             ; Megafunction                 ; c:/intelfpga_lite/20.1/quartus/libraries/megafunctions/bypassff.inc                                                     ;         ;
; altshift.inc                     ; yes             ; Megafunction                 ; c:/intelfpga_lite/20.1/quartus/libraries/megafunctions/altshift.inc                                                     ;         ;
; db/mult_9js.tdf                  ; yes             ; Auto-Generated Megafunction  ; C:/Users/victo/OneDrive/Escritorio/Escuela Victoria/Universidad/Logica Programable/Practica operaciones/db/mult_9js.tdf ;         ;
; db/mult_mks.tdf                  ; yes             ; Auto-Generated Megafunction  ; C:/Users/victo/OneDrive/Escritorio/Escuela Victoria/Universidad/Logica Programable/Practica operaciones/db/mult_mks.tdf ;         ;
; db/mult_0ls.tdf                  ; yes             ; Auto-Generated Megafunction  ; C:/Users/victo/OneDrive/Escritorio/Escuela Victoria/Universidad/Logica Programable/Practica operaciones/db/mult_0ls.tdf ;         ;
+----------------------------------+-----------------+------------------------------+-------------------------------------------------------------------------------------------------------------------------+---------+


+-------------------------------------------------------+
; Analysis & Synthesis Resource Usage Summary           ;
+---------------------------------------------+---------+
; Resource                                    ; Usage   ;
+---------------------------------------------+---------+
; Estimated Total logic elements              ; 74      ;
;                                             ;         ;
; Total combinational functions               ; 70      ;
; Logic element usage by number of LUT inputs ;         ;
;     -- 4 input functions                    ; 15      ;
;     -- 3 input functions                    ; 31      ;
;     -- <=2 input functions                  ; 24      ;
;                                             ;         ;
; Logic elements by mode                      ;         ;
;     -- normal mode                          ; 38      ;
;     -- arithmetic mode                      ; 32      ;
;                                             ;         ;
; Total registers                             ; 12      ;
;     -- Dedicated logic registers            ; 12      ;
;     -- I/O registers                        ; 0       ;
;                                             ;         ;
; I/O pins                                    ; 13      ;
;                                             ;         ;
; Embedded Multiplier 9-bit elements          ; 1       ;
;                                             ;         ;
; Maximum fan-out node                        ; SW_x[1] ;
; Maximum fan-out                             ; 30      ;
; Total fan-out                               ; 248     ;
; Average fan-out                             ; 2.25    ;
+---------------------------------------------+---------+


+-----------------------------------------------------------------------------------------------------------------------------------------------------------------------------------------------------------------------------------------------------------------------+
; Analysis & Synthesis Resource Utilization by Entity                                                                                                                                                                                                                   ;
+---------------------------------+---------------------+---------------------------+-------------+------------+--------------+---------+-----------+------+--------------+------------+---------------------------------------------------+-------------+--------------+
; Compilation Hierarchy Node      ; Combinational ALUTs ; Dedicated Logic Registers ; Memory Bits ; UFM Blocks ; DSP Elements ; DSP 9x9 ; DSP 18x18 ; Pins ; Virtual Pins ; ADC blocks ; Full Hierarchy Name                               ; Entity Name ; Library Name ;
+---------------------------------+---------------------+---------------------------+-------------+------------+--------------+---------+-----------+------+--------------+------------+---------------------------------------------------+-------------+--------------+
; |Operacion                      ; 70 (12)             ; 12 (12)                   ; 0           ; 0          ; 1            ; 1       ; 0         ; 13   ; 0            ; 0          ; |Operacion                                        ; Operacion   ; work         ;
;    |lpm_mult:Mult0|             ; 30 (0)              ; 0 (0)                     ; 0           ; 0          ; 0            ; 0       ; 0         ; 0    ; 0            ; 0          ; |Operacion|lpm_mult:Mult0                         ; lpm_mult    ; work         ;
;       |mult_9js:auto_generated| ; 30 (30)             ; 0 (0)                     ; 0           ; 0          ; 0            ; 0       ; 0         ; 0    ; 0            ; 0          ; |Operacion|lpm_mult:Mult0|mult_9js:auto_generated ; mult_9js    ; work         ;
;    |lpm_mult:Mult1|             ; 0 (0)               ; 0 (0)                     ; 0           ; 0          ; 1            ; 1       ; 0         ; 0    ; 0            ; 0          ; |Operacion|lpm_mult:Mult1                         ; lpm_mult    ; work         ;
;       |mult_0ls:auto_generated| ; 0 (0)               ; 0 (0)                     ; 0           ; 0          ; 1            ; 1       ; 0         ; 0    ; 0            ; 0          ; |Operacion|lpm_mult:Mult1|mult_0ls:auto_generated ; mult_0ls    ; work         ;
;    |lpm_mult:Mult2|             ; 28 (0)              ; 0 (0)                     ; 0           ; 0          ; 0            ; 0       ; 0         ; 0    ; 0            ; 0          ; |Operacion|lpm_mult:Mult2                         ; lpm_mult    ; work         ;
;       |mult_mks:auto_generated| ; 28 (28)             ; 0 (0)                     ; 0           ; 0          ; 0            ; 0       ; 0         ; 0    ; 0            ; 0          ; |Operacion|lpm_mult:Mult2|mult_mks:auto_generated ; mult_mks    ; work         ;
+---------------------------------+---------------------+---------------------------+-------------+------------+--------------+---------+-----------+------+--------------+------------+---------------------------------------------------+-------------+--------------+
Note: For table entries with two numbers listed, the numbers in parentheses indicate the number of resources of the given type used by the specific entity alone. The numbers listed outside of parentheses indicate the total resources of the given type used by the specific entity and all of its sub-entities in the hierarchy.


+-----------------------------------------------------+
; Analysis & Synthesis DSP Block Usage Summary        ;
+---------------------------------------+-------------+
; Statistic                             ; Number Used ;
+---------------------------------------+-------------+
; Simple Multipliers (9-bit)            ; 1           ;
; Simple Multipliers (18-bit)           ; 0           ;
; Embedded Multiplier Blocks            ; --          ;
; Embedded Multiplier 9-bit elements    ; 1           ;
; Signed Embedded Multipliers           ; 0           ;
; Unsigned Embedded Multipliers         ; 1           ;
; Mixed Sign Embedded Multipliers       ; 0           ;
; Variable Sign Embedded Multipliers    ; 0           ;
; Dedicated Input Shift Register Chains ; 0           ;
+---------------------------------------+-------------+
Note: number of Embedded Multiplier Blocks used is only available after a successful fit.


+------------------------------------------------------+
; General Register Statistics                          ;
+----------------------------------------------+-------+
; Statistic                                    ; Value ;
+----------------------------------------------+-------+
; Total registers                              ; 12    ;
; Number of registers using Synchronous Clear  ; 0     ;
; Number of registers using Synchronous Load   ; 0     ;
; Number of registers using Asynchronous Clear ; 0     ;
; Number of registers using Asynchronous Load  ; 0     ;
; Number of registers using Clock Enable       ; 0     ;
; Number of registers using Preset             ; 0     ;
+----------------------------------------------+-------+


+---------------------------------------------------------------------------------+
; Parameter Settings for Inferred Entity Instance: lpm_mult:Mult0                 ;
+------------------------------------------------+----------+---------------------+
; Parameter Name                                 ; Value    ; Type                ;
+------------------------------------------------+----------+---------------------+
; AUTO_CARRY_CHAINS                              ; ON       ; AUTO_CARRY          ;
; IGNORE_CARRY_BUFFERS                           ; OFF      ; IGNORE_CARRY        ;
; AUTO_CASCADE_CHAINS                            ; ON       ; AUTO_CASCADE        ;
; IGNORE_CASCADE_BUFFERS                         ; OFF      ; IGNORE_CASCADE      ;
; LPM_WIDTHA                                     ; 4        ; Untyped             ;
; LPM_WIDTHB                                     ; 4        ; Untyped             ;
; LPM_WIDTHP                                     ; 8        ; Untyped             ;
; LPM_WIDTHR                                     ; 8        ; Untyped             ;
; LPM_WIDTHS                                     ; 1        ; Untyped             ;
; LPM_REPRESENTATION                             ; UNSIGNED ; Untyped             ;
; LPM_PIPELINE                                   ; 0        ; Untyped             ;
; LATENCY                                        ; 0        ; Untyped             ;
; INPUT_A_IS_CONSTANT                            ; NO       ; Untyped             ;
; INPUT_B_IS_CONSTANT                            ; NO       ; Untyped             ;
; USE_EAB                                        ; OFF      ; Untyped             ;
; MAXIMIZE_SPEED                                 ; 5        ; Untyped             ;
; DEVICE_FAMILY                                  ; MAX 10   ; Untyped             ;
; CARRY_CHAIN                                    ; MANUAL   ; Untyped             ;
; APEX20K_TECHNOLOGY_MAPPER                      ; LUT      ; TECH_MAPPER_APEX20K ;
; DEDICATED_MULTIPLIER_CIRCUITRY                 ; AUTO     ; Untyped             ;
; DEDICATED_MULTIPLIER_MIN_INPUT_WIDTH_FOR_AUTO  ; 0        ; Untyped             ;
; DEDICATED_MULTIPLIER_MIN_OUTPUT_WIDTH_FOR_AUTO ; 0        ; Untyped             ;
; CBXI_PARAMETER                                 ; mult_9js ; Untyped             ;
; INPUT_A_FIXED_VALUE                            ; Bx       ; Untyped             ;
; INPUT_B_FIXED_VALUE                            ; Bx       ; Untyped             ;
; USE_AHDL_IMPLEMENTATION                        ; OFF      ; Untyped             ;
+------------------------------------------------+----------+---------------------+
Note: In order to hide this table in the UI and the text report file, please set the "Show Parameter Settings in Synthesis Report" option in "Analysis and Synthesis Settings -> More Settings" to "Off".


+---------------------------------------------------------------------------------+
; Parameter Settings for Inferred Entity Instance: lpm_mult:Mult2                 ;
+------------------------------------------------+----------+---------------------+
; Parameter Name                                 ; Value    ; Type                ;
+------------------------------------------------+----------+---------------------+
; AUTO_CARRY_CHAINS                              ; ON       ; AUTO_CARRY          ;
; IGNORE_CARRY_BUFFERS                           ; OFF      ; IGNORE_CARRY        ;
; AUTO_CASCADE_CHAINS                            ; ON       ; AUTO_CASCADE        ;
; IGNORE_CASCADE_BUFFERS                         ; OFF      ; IGNORE_CASCADE      ;
; LPM_WIDTHA                                     ; 7        ; Untyped             ;
; LPM_WIDTHB                                     ; 4        ; Untyped             ;
; LPM_WIDTHP                                     ; 11       ; Untyped             ;
; LPM_WIDTHR                                     ; 11       ; Untyped             ;
; LPM_WIDTHS                                     ; 1        ; Untyped             ;
; LPM_REPRESENTATION                             ; UNSIGNED ; Untyped             ;
; LPM_PIPELINE                                   ; 0        ; Untyped             ;
; LATENCY                                        ; 0        ; Untyped             ;
; INPUT_A_IS_CONSTANT                            ; NO       ; Untyped             ;
; INPUT_B_IS_CONSTANT                            ; NO       ; Untyped             ;
; USE_EAB                                        ; OFF      ; Untyped             ;
; MAXIMIZE_SPEED                                 ; 5        ; Untyped             ;
; DEVICE_FAMILY                                  ; MAX 10   ; Untyped             ;
; CARRY_CHAIN                                    ; MANUAL   ; Untyped             ;
; APEX20K_TECHNOLOGY_MAPPER                      ; LUT      ; TECH_MAPPER_APEX20K ;
; DEDICATED_MULTIPLIER_CIRCUITRY                 ; AUTO     ; Untyped             ;
; DEDICATED_MULTIPLIER_MIN_INPUT_WIDTH_FOR_AUTO  ; 0        ; Untyped             ;
; DEDICATED_MULTIPLIER_MIN_OUTPUT_WIDTH_FOR_AUTO ; 0        ; Untyped             ;
; CBXI_PARAMETER                                 ; mult_mks ; Untyped             ;
; INPUT_A_FIXED_VALUE                            ; Bx       ; Untyped             ;
; INPUT_B_FIXED_VALUE                            ; Bx       ; Untyped             ;
; USE_AHDL_IMPLEMENTATION                        ; OFF      ; Untyped             ;
+------------------------------------------------+----------+---------------------+
Note: In order to hide this table in the UI and the text report file, please set the "Show Parameter Settings in Synthesis Report" option in "Analysis and Synthesis Settings -> More Settings" to "Off".


+---------------------------------------------------------------------------------+
; Parameter Settings for Inferred Entity Instance: lpm_mult:Mult1                 ;
+------------------------------------------------+----------+---------------------+
; Parameter Name                                 ; Value    ; Type                ;
+------------------------------------------------+----------+---------------------+
; AUTO_CARRY_CHAINS                              ; ON       ; AUTO_CARRY          ;
; IGNORE_CARRY_BUFFERS                           ; OFF      ; IGNORE_CARRY        ;
; AUTO_CASCADE_CHAINS                            ; ON       ; AUTO_CASCADE        ;
; IGNORE_CASCADE_BUFFERS                         ; OFF      ; IGNORE_CASCADE      ;
; LPM_WIDTHA                                     ; 8        ; Untyped             ;
; LPM_WIDTHB                                     ; 8        ; Untyped             ;
; LPM_WIDTHP                                     ; 16       ; Untyped             ;
; LPM_WIDTHR                                     ; 16       ; Untyped             ;
; LPM_WIDTHS                                     ; 1        ; Untyped             ;
; LPM_REPRESENTATION                             ; UNSIGNED ; Untyped             ;
; LPM_PIPELINE                                   ; 0        ; Untyped             ;
; LATENCY                                        ; 0        ; Untyped             ;
; INPUT_A_IS_CONSTANT                            ; NO       ; Untyped             ;
; INPUT_B_IS_CONSTANT                            ; NO       ; Untyped             ;
; USE_EAB                                        ; OFF      ; Untyped             ;
; MAXIMIZE_SPEED                                 ; 5        ; Untyped             ;
; DEVICE_FAMILY                                  ; MAX 10   ; Untyped             ;
; CARRY_CHAIN                                    ; MANUAL   ; Untyped             ;
; APEX20K_TECHNOLOGY_MAPPER                      ; LUT      ; TECH_MAPPER_APEX20K ;
; DEDICATED_MULTIPLIER_CIRCUITRY                 ; AUTO     ; Untyped             ;
; DEDICATED_MULTIPLIER_MIN_INPUT_WIDTH_FOR_AUTO  ; 0        ; Untyped             ;
; DEDICATED_MULTIPLIER_MIN_OUTPUT_WIDTH_FOR_AUTO ; 0        ; Untyped             ;
; CBXI_PARAMETER                                 ; mult_0ls ; Untyped             ;
; INPUT_A_FIXED_VALUE                            ; Bx       ; Untyped             ;
; INPUT_B_FIXED_VALUE                            ; Bx       ; Untyped             ;
; USE_AHDL_IMPLEMENTATION                        ; OFF      ; Untyped             ;
+------------------------------------------------+----------+---------------------+
Note: In order to hide this table in the UI and the text report file, please set the "Show Parameter Settings in Synthesis Report" option in "Analysis and Synthesis Settings -> More Settings" to "Off".


+--------------------------------------------------------+
; lpm_mult Parameter Settings by Entity Instance         ;
+---------------------------------------+----------------+
; Name                                  ; Value          ;
+---------------------------------------+----------------+
; Number of entity instances            ; 3              ;
; Entity Instance                       ; lpm_mult:Mult0 ;
;     -- LPM_WIDTHA                     ; 4              ;
;     -- LPM_WIDTHB                     ; 4              ;
;     -- LPM_WIDTHP                     ; 8              ;
;     -- LPM_REPRESENTATION             ; UNSIGNED       ;
;     -- INPUT_A_IS_CONSTANT            ; NO             ;
;     -- INPUT_B_IS_CONSTANT            ; NO             ;
;     -- USE_EAB                        ; OFF            ;
;     -- DEDICATED_MULTIPLIER_CIRCUITRY ; AUTO           ;
;     -- INPUT_A_FIXED_VALUE            ; Bx             ;
;     -- INPUT_B_FIXED_VALUE            ; Bx             ;
; Entity Instance                       ; lpm_mult:Mult2 ;
;     -- LPM_WIDTHA                     ; 7              ;
;     -- LPM_WIDTHB                     ; 4              ;
;     -- LPM_WIDTHP                     ; 11             ;
;     -- LPM_REPRESENTATION             ; UNSIGNED       ;
;     -- INPUT_A_IS_CONSTANT            ; NO             ;
;     -- INPUT_B_IS_CONSTANT            ; NO             ;
;     -- USE_EAB                        ; OFF            ;
;     -- DEDICATED_MULTIPLIER_CIRCUITRY ; AUTO           ;
;     -- INPUT_A_FIXED_VALUE            ; Bx             ;
;     -- INPUT_B_FIXED_VALUE            ; Bx             ;
; Entity Instance                       ; lpm_mult:Mult1 ;
;     -- LPM_WIDTHA                     ; 8              ;
;     -- LPM_WIDTHB                     ; 8              ;
;     -- LPM_WIDTHP                     ; 16             ;
;     -- LPM_REPRESENTATION             ; UNSIGNED       ;
;     -- INPUT_A_IS_CONSTANT            ; NO             ;
;     -- INPUT_B_IS_CONSTANT            ; NO             ;
;     -- USE_EAB                        ; OFF            ;
;     -- DEDICATED_MULTIPLIER_CIRCUITRY ; AUTO           ;
;     -- INPUT_A_FIXED_VALUE            ; Bx             ;
;     -- INPUT_B_FIXED_VALUE            ; Bx             ;
+---------------------------------------+----------------+


+-----------------------------------------------------+
; Post-Synthesis Netlist Statistics for Top Partition ;
+-----------------------+-----------------------------+
; Type                  ; Count                       ;
+-----------------------+-----------------------------+
; boundary_port         ; 13                          ;
; cycloneiii_ff         ; 12                          ;
;     plain             ; 12                          ;
; cycloneiii_lcell_comb ; 70                          ;
;     arith             ; 32                          ;
;         2 data inputs ; 10                          ;
;         3 data inputs ; 22                          ;
;     normal            ; 38                          ;
;         0 data inputs ; 1                           ;
;         1 data inputs ; 4                           ;
;         2 data inputs ; 9                           ;
;         3 data inputs ; 9                           ;
;         4 data inputs ; 15                          ;
; cycloneiii_mac_mult   ; 1                           ;
; cycloneiii_mac_out    ; 1                           ;
;                       ;                             ;
; Max LUT depth         ; 8.40                        ;
; Average LUT depth     ; 5.55                        ;
+-----------------------+-----------------------------+


+-------------------------------+
; Elapsed Time Per Partition    ;
+----------------+--------------+
; Partition Name ; Elapsed Time ;
+----------------+--------------+
; Top            ; 00:00:01     ;
+----------------+--------------+


+-------------------------------+
; Analysis & Synthesis Messages ;
+-------------------------------+
Info: *******************************************************************
Info: Running Quartus Prime Analysis & Synthesis
    Info: Version 20.1.0 Build 711 06/05/2020 SJ Lite Edition
    Info: Processing started: Sat Mar 11 22:12:24 2023
Info: Command: quartus_map --read_settings_files=on --write_settings_files=off Velocidades -c Velocidades
Warning (18236): Number of processors has not been specified which may cause overloading on shared machines.  Set the global assignment NUM_PARALLEL_PROCESSORS in your QSF to an appropriate value for best performance.
Info (20030): Parallel compilation is enabled and will use 4 of the 4 processors detected
Info (12021): Found 1 design units, including 1 entities, in source file operacion.v
    Info (12023): Found entity 1: Operacion File: C:/Users/victo/OneDrive/Escritorio/Escuela Victoria/Universidad/Logica Programable/Practica operaciones/Operacion.v Line: 1
Info (12021): Found 1 design units, including 1 entities, in source file operacion2.v
    Info (12023): Found entity 1: Operacion2 File: C:/Users/victo/OneDrive/Escritorio/Escuela Victoria/Universidad/Logica Programable/Practica operaciones/Operacion2.v Line: 1
Info (12127): Elaborating entity "Operacion" for the top level hierarchy
Warning (10230): Verilog HDL assignment warning at Operacion.v(12): truncated value with size 32 to match size of target (8) File: C:/Users/victo/OneDrive/Escritorio/Escuela Victoria/Universidad/Logica Programable/Practica operaciones/Operacion.v Line: 12
Info (278001): Inferred 3 megafunctions from design logic
    Info (278003): Inferred multiplier megafunction ("lpm_mult") from the following logic: "Mult0" File: C:/Users/victo/OneDrive/Escritorio/Escuela Victoria/Universidad/Logica Programable/Practica operaciones/Operacion.v Line: 12
    Info (278003): Inferred multiplier megafunction ("lpm_mult") from the following logic: "Mult2" File: C:/Users/victo/OneDrive/Escritorio/Escuela Victoria/Universidad/Logica Programable/Practica operaciones/Operacion.v Line: 12
    Info (278003): Inferred multiplier megafunction ("lpm_mult") from the following logic: "Mult1" File: C:/Users/victo/OneDrive/Escritorio/Escuela Victoria/Universidad/Logica Programable/Practica operaciones/Operacion.v Line: 12
Info (12130): Elaborated megafunction instantiation "lpm_mult:Mult0" File: C:/Users/victo/OneDrive/Escritorio/Escuela Victoria/Universidad/Logica Programable/Practica operaciones/Operacion.v Line: 12
Info (12133): Instantiated megafunction "lpm_mult:Mult0" with the following parameter: File: C:/Users/victo/OneDrive/Escritorio/Escuela Victoria/Universidad/Logica Programable/Practica operaciones/Operacion.v Line: 12
    Info (12134): Parameter "LPM_WIDTHA" = "4"
    Info (12134): Parameter "LPM_WIDTHB" = "4"
    Info (12134): Parameter "LPM_WIDTHP" = "8"
    Info (12134): Parameter "LPM_WIDTHR" = "8"
    Info (12134): Parameter "LPM_WIDTHS" = "1"
    Info (12134): Parameter "LPM_REPRESENTATION" = "UNSIGNED"
    Info (12134): Parameter "INPUT_A_IS_CONSTANT" = "NO"
    Info (12134): Parameter "INPUT_B_IS_CONSTANT" = "NO"
    Info (12134): Parameter "MAXIMIZE_SPEED" = "5"
Info (12021): Found 1 design units, including 1 entities, in source file db/mult_9js.tdf
    Info (12023): Found entity 1: mult_9js File: C:/Users/victo/OneDrive/Escritorio/Escuela Victoria/Universidad/Logica Programable/Practica operaciones/db/mult_9js.tdf Line: 29
Info (12130): Elaborated megafunction instantiation "lpm_mult:Mult2" File: C:/Users/victo/OneDrive/Escritorio/Escuela Victoria/Universidad/Logica Programable/Practica operaciones/Operacion.v Line: 12
Info (12133): Instantiated megafunction "lpm_mult:Mult2" with the following parameter: File: C:/Users/victo/OneDrive/Escritorio/Escuela Victoria/Universidad/Logica Programable/Practica operaciones/Operacion.v Line: 12
    Info (12134): Parameter "LPM_WIDTHA" = "7"
    Info (12134): Parameter "LPM_WIDTHB" = "4"
    Info (12134): Parameter "LPM_WIDTHP" = "11"
    Info (12134): Parameter "LPM_WIDTHR" = "11"
    Info (12134): Parameter "LPM_WIDTHS" = "1"
    Info (12134): Parameter "LPM_REPRESENTATION" = "UNSIGNED"
    Info (12134): Parameter "INPUT_A_IS_CONSTANT" = "NO"
    Info (12134): Parameter "INPUT_B_IS_CONSTANT" = "NO"
    Info (12134): Parameter "MAXIMIZE_SPEED" = "5"
Info (12021): Found 1 design units, including 1 entities, in source file db/mult_mks.tdf
    Info (12023): Found entity 1: mult_mks File: C:/Users/victo/OneDrive/Escritorio/Escuela Victoria/Universidad/Logica Programable/Practica operaciones/db/mult_mks.tdf Line: 29
Info (12130): Elaborated megafunction instantiation "lpm_mult:Mult1" File: C:/Users/victo/OneDrive/Escritorio/Escuela Victoria/Universidad/Logica Programable/Practica operaciones/Operacion.v Line: 12
Info (12133): Instantiated megafunction "lpm_mult:Mult1" with the following parameter: File: C:/Users/victo/OneDrive/Escritorio/Escuela Victoria/Universidad/Logica Programable/Practica operaciones/Operacion.v Line: 12
    Info (12134): Parameter "LPM_WIDTHA" = "8"
    Info (12134): Parameter "LPM_WIDTHB" = "8"
    Info (12134): Parameter "LPM_WIDTHP" = "16"
    Info (12134): Parameter "LPM_WIDTHR" = "16"
    Info (12134): Parameter "LPM_WIDTHS" = "1"
    Info (12134): Parameter "LPM_REPRESENTATION" = "UNSIGNED"
    Info (12134): Parameter "INPUT_A_IS_CONSTANT" = "NO"
    Info (12134): Parameter "INPUT_B_IS_CONSTANT" = "NO"
    Info (12134): Parameter "MAXIMIZE_SPEED" = "5"
Info (12021): Found 1 design units, including 1 entities, in source file db/mult_0ls.tdf
    Info (12023): Found entity 1: mult_0ls File: C:/Users/victo/OneDrive/Escritorio/Escuela Victoria/Universidad/Logica Programable/Practica operaciones/db/mult_0ls.tdf Line: 29
Warning (14284): Synthesized away the following node(s):
    Warning (14285): Synthesized away the following LCELL buffer node(s):
        Warning (14320): Synthesized away node "lpm_mult:Mult2|mult_mks:auto_generated|le3a[8]" File: C:/Users/victo/OneDrive/Escritorio/Escuela Victoria/Universidad/Logica Programable/Practica operaciones/db/mult_mks.tdf Line: 41
        Warning (14320): Synthesized away node "lpm_mult:Mult2|mult_mks:auto_generated|le5a[7]" File: C:/Users/victo/OneDrive/Escritorio/Escuela Victoria/Universidad/Logica Programable/Practica operaciones/db/mult_mks.tdf Line: 43
        Warning (14320): Synthesized away node "lpm_mult:Mult2|mult_mks:auto_generated|le5a[3]" File: C:/Users/victo/OneDrive/Escritorio/Escuela Victoria/Universidad/Logica Programable/Practica operaciones/db/mult_mks.tdf Line: 43
        Warning (14320): Synthesized away node "lpm_mult:Mult0|mult_9js:auto_generated|le5a[4]" File: C:/Users/victo/OneDrive/Escritorio/Escuela Victoria/Universidad/Logica Programable/Practica operaciones/db/mult_9js.tdf Line: 43
Warning (14284): Synthesized away the following node(s):
    Warning (14285): Synthesized away the following LCELL buffer node(s):
        Warning (14320): Synthesized away node "lpm_mult:Mult2|mult_mks:auto_generated|le3a[7]" File: C:/Users/victo/OneDrive/Escritorio/Escuela Victoria/Universidad/Logica Programable/Practica operaciones/db/mult_mks.tdf Line: 41
        Warning (14320): Synthesized away node "lpm_mult:Mult2|mult_mks:auto_generated|le4a[8]" File: C:/Users/victo/OneDrive/Escritorio/Escuela Victoria/Universidad/Logica Programable/Practica operaciones/db/mult_mks.tdf Line: 42
        Warning (14320): Synthesized away node "lpm_mult:Mult2|mult_mks:auto_generated|le4a[7]" File: C:/Users/victo/OneDrive/Escritorio/Escuela Victoria/Universidad/Logica Programable/Practica operaciones/db/mult_mks.tdf Line: 42
        Warning (14320): Synthesized away node "lpm_mult:Mult2|mult_mks:auto_generated|le4a[6]" File: C:/Users/victo/OneDrive/Escritorio/Escuela Victoria/Universidad/Logica Programable/Practica operaciones/db/mult_mks.tdf Line: 42
        Warning (14320): Synthesized away node "lpm_mult:Mult2|mult_mks:auto_generated|le4a[5]" File: C:/Users/victo/OneDrive/Escritorio/Escuela Victoria/Universidad/Logica Programable/Practica operaciones/db/mult_mks.tdf Line: 42
        Warning (14320): Synthesized away node "lpm_mult:Mult2|mult_mks:auto_generated|le5a[6]" File: C:/Users/victo/OneDrive/Escritorio/Escuela Victoria/Universidad/Logica Programable/Practica operaciones/db/mult_mks.tdf Line: 43
        Warning (14320): Synthesized away node "lpm_mult:Mult2|mult_mks:auto_generated|le5a[5]" File: C:/Users/victo/OneDrive/Escritorio/Escuela Victoria/Universidad/Logica Programable/Practica operaciones/db/mult_mks.tdf Line: 43
        Warning (14320): Synthesized away node "lpm_mult:Mult2|mult_mks:auto_generated|le5a[4]" File: C:/Users/victo/OneDrive/Escritorio/Escuela Victoria/Universidad/Logica Programable/Practica operaciones/db/mult_mks.tdf Line: 43
Info (13014): Ignored 83 buffer(s)
    Info (13016): Ignored 8 CARRY_SUM buffer(s)
    Info (13019): Ignored 75 SOFT buffer(s)
Info (286030): Timing-Driven Synthesis is running
Info (17016): Found the following redundant logic cells in design
    Info (17048): Logic cell "lpm_mult:Mult2|mult_mks:auto_generated|le3a[1]" File: C:/Users/victo/OneDrive/Escritorio/Escuela Victoria/Universidad/Logica Programable/Practica operaciones/db/mult_mks.tdf Line: 41
    Info (17048): Logic cell "lpm_mult:Mult2|mult_mks:auto_generated|le5a[1]" File: C:/Users/victo/OneDrive/Escritorio/Escuela Victoria/Universidad/Logica Programable/Practica operaciones/db/mult_mks.tdf Line: 43
    Info (17048): Logic cell "lpm_mult:Mult0|mult_9js:auto_generated|le3a[5]" File: C:/Users/victo/OneDrive/Escritorio/Escuela Victoria/Universidad/Logica Programable/Practica operaciones/db/mult_9js.tdf Line: 41
    Info (17048): Logic cell "lpm_mult:Mult0|mult_9js:auto_generated|le5a[3]" File: C:/Users/victo/OneDrive/Escritorio/Escuela Victoria/Universidad/Logica Programable/Practica operaciones/db/mult_9js.tdf Line: 43
Info (16010): Generating hard_block partition "hard_block:auto_generated_inst"
    Info (16011): Adding 0 node(s), including 0 DDIO, 0 PLL, 0 transceiver and 0 LCELL
Info (21057): Implemented 88 device resources after synthesis - the final resource count might be different
    Info (21058): Implemented 5 input pins
    Info (21059): Implemented 8 output pins
    Info (21061): Implemented 74 logic cells
    Info (21062): Implemented 1 DSP elements
Info: Quartus Prime Analysis & Synthesis was successful. 0 errors, 18 warnings
    Info: Peak virtual memory: 4769 megabytes
    Info: Processing ended: Sat Mar 11 22:12:34 2023
    Info: Elapsed time: 00:00:10
    Info: Total CPU time (on all processors): 00:00:21


