Analysis & Synthesis report for Debouncer
Wed Mar 01 08:39:19 2023
Quartus Prime Version 20.1.0 Build 711 06/05/2020 SJ Lite Edition


---------------------
; Table of Contents ;
---------------------
  1. Legal Notice
  2. Analysis & Synthesis Summary
  3. Analysis & Synthesis Settings
  4. Parallel Compilation
  5. Analysis & Synthesis Source Files Read
  6. Analysis & Synthesis Resource Usage Summary
  7. Analysis & Synthesis Resource Utilization by Entity
  8. General Register Statistics
  9. Parameter Settings for User Entity Instance: ContadorWithDebouncer:WRAPPER|debouncer:DEB
 10. Parameter Settings for User Entity Instance: ContadorWithDebouncer:WRAPPER|debouncer:DEB|counterDebouncer:CONTEO_DEBOUNCER
 11. Parameter Settings for User Entity Instance: ContadorWithDebouncer:WRAPPER|debouncer:DEB|ff_d:REGISTRO_GUARDAR
 12. Post-Synthesis Netlist Statistics for Top Partition
 13. Elapsed Time Per Partition
 14. Analysis & Synthesis Messages



----------------
; Legal Notice ;
----------------
Copyright (C) 2020  Intel Corporation. All rights reserved.
Your use of Intel Corporation's design tools, logic functions 
and other software and tools, and any partner logic 
functions, and any output files from any of the foregoing 
(including device programming or simulation files), and any 
associated documentation or information are expressly subject 
to the terms and conditions of the Intel Program License 
Subscription Agreement, the Intel Quartus Prime License Agreement,
the Intel FPGA IP License Agreement, or other applicable license
agreement, including, without limitation, that your use is for
the sole purpose of programming logic devices manufactured by
Intel and sold by Intel or its authorized distributors.  Please
refer to the applicable agreement for further details, at
https://fpgasoftware.intel.com/eula.



+----------------------------------------------------------------------------------+
; Analysis & Synthesis Summary                                                     ;
+------------------------------------+---------------------------------------------+
; Analysis & Synthesis Status        ; Successful - Wed Mar 01 08:39:19 2023       ;
; Quartus Prime Version              ; 20.1.0 Build 711 06/05/2020 SJ Lite Edition ;
; Revision Name                      ; Debouncer                                   ;
; Top-level Entity Name              ; ContadorWithDebouncer_wrapper               ;
; Family                             ; MAX 10                                      ;
; Total logic elements               ; 42                                          ;
;     Total combinational functions  ; 41                                          ;
;     Dedicated logic registers      ; 25                                          ;
; Total registers                    ; 25                                          ;
; Total pins                         ; 20                                          ;
; Total virtual pins                 ; 0                                           ;
; Total memory bits                  ; 0                                           ;
; Embedded Multiplier 9-bit elements ; 0                                           ;
; Total PLLs                         ; 0                                           ;
; UFM blocks                         ; 0                                           ;
; ADC blocks                         ; 0                                           ;
+------------------------------------+---------------------------------------------+


+-----------------------------------------------------------------------------------------------------------------------+
; Analysis & Synthesis Settings                                                                                         ;
+------------------------------------------------------------------+-------------------------------+--------------------+
; Option                                                           ; Setting                       ; Default Value      ;
+------------------------------------------------------------------+-------------------------------+--------------------+
; Device                                                           ; 10M50DAF484C6GES              ;                    ;
; Top-level entity name                                            ; ContadorWithDebouncer_wrapper ; Debouncer          ;
; Family name                                                      ; MAX 10                        ; Cyclone V          ;
; Use smart compilation                                            ; Off                           ; Off                ;
; Enable parallel Assembler and Timing Analyzer during compilation ; On                            ; On                 ;
; Enable compact report table                                      ; Off                           ; Off                ;
; Restructure Multiplexers                                         ; Auto                          ; Auto               ;
; Create Debugging Nodes for IP Cores                              ; Off                           ; Off                ;
; Preserve fewer node names                                        ; On                            ; On                 ;
; Intel FPGA IP Evaluation Mode                                    ; Enable                        ; Enable             ;
; Verilog Version                                                  ; Verilog_2001                  ; Verilog_2001       ;
; VHDL Version                                                     ; VHDL_1993                     ; VHDL_1993          ;
; State Machine Processing                                         ; Auto                          ; Auto               ;
; Safe State Machine                                               ; Off                           ; Off                ;
; Extract Verilog State Machines                                   ; On                            ; On                 ;
; Extract VHDL State Machines                                      ; On                            ; On                 ;
; Ignore Verilog initial constructs                                ; Off                           ; Off                ;
; Iteration limit for constant Verilog loops                       ; 5000                          ; 5000               ;
; Iteration limit for non-constant Verilog loops                   ; 250                           ; 250                ;
; Add Pass-Through Logic to Inferred RAMs                          ; On                            ; On                 ;
; Infer RAMs from Raw Logic                                        ; On                            ; On                 ;
; Parallel Synthesis                                               ; On                            ; On                 ;
; DSP Block Balancing                                              ; Auto                          ; Auto               ;
; NOT Gate Push-Back                                               ; On                            ; On                 ;
; Power-Up Don't Care                                              ; On                            ; On                 ;
; Remove Redundant Logic Cells                                     ; Off                           ; Off                ;
; Remove Duplicate Registers                                       ; On                            ; On                 ;
; Ignore CARRY Buffers                                             ; Off                           ; Off                ;
; Ignore CASCADE Buffers                                           ; Off                           ; Off                ;
; Ignore GLOBAL Buffers                                            ; Off                           ; Off                ;
; Ignore ROW GLOBAL Buffers                                        ; Off                           ; Off                ;
; Ignore LCELL Buffers                                             ; Off                           ; Off                ;
; Ignore SOFT Buffers                                              ; On                            ; On                 ;
; Limit AHDL Integers to 32 Bits                                   ; Off                           ; Off                ;
; Optimization Technique                                           ; Balanced                      ; Balanced           ;
; Carry Chain Length                                               ; 70                            ; 70                 ;
; Auto Carry Chains                                                ; On                            ; On                 ;
; Auto Open-Drain Pins                                             ; On                            ; On                 ;
; Perform WYSIWYG Primitive Resynthesis                            ; Off                           ; Off                ;
; Auto ROM Replacement                                             ; On                            ; On                 ;
; Auto RAM Replacement                                             ; On                            ; On                 ;
; Auto DSP Block Replacement                                       ; On                            ; On                 ;
; Auto Shift Register Replacement                                  ; Auto                          ; Auto               ;
; Allow Shift Register Merging across Hierarchies                  ; Auto                          ; Auto               ;
; Auto Clock Enable Replacement                                    ; On                            ; On                 ;
; Strict RAM Replacement                                           ; Off                           ; Off                ;
; Allow Synchronous Control Signals                                ; On                            ; On                 ;
; Force Use of Synchronous Clear Signals                           ; Off                           ; Off                ;
; Auto RAM Block Balancing                                         ; On                            ; On                 ;
; Auto RAM to Logic Cell Conversion                                ; Off                           ; Off                ;
; Auto Resource Sharing                                            ; Off                           ; Off                ;
; Allow Any RAM Size For Recognition                               ; Off                           ; Off                ;
; Allow Any ROM Size For Recognition                               ; Off                           ; Off                ;
; Allow Any Shift Register Size For Recognition                    ; Off                           ; Off                ;
; Use LogicLock Constraints during Resource Balancing              ; On                            ; On                 ;
; Ignore translate_off and synthesis_off directives                ; Off                           ; Off                ;
; Timing-Driven Synthesis                                          ; On                            ; On                 ;
; Report Parameter Settings                                        ; On                            ; On                 ;
; Report Source Assignments                                        ; On                            ; On                 ;
; Report Connectivity Checks                                       ; On                            ; On                 ;
; Ignore Maximum Fan-Out Assignments                               ; Off                           ; Off                ;
; Synchronization Register Chain Length                            ; 2                             ; 2                  ;
; Power Optimization During Synthesis                              ; Normal compilation            ; Normal compilation ;
; HDL message level                                                ; Level2                        ; Level2             ;
; Suppress Register Optimization Related Messages                  ; Off                           ; Off                ;
; Number of Removed Registers Reported in Synthesis Report         ; 5000                          ; 5000               ;
; Number of Swept Nodes Reported in Synthesis Report               ; 5000                          ; 5000               ;
; Number of Inverted Registers Reported in Synthesis Report        ; 100                           ; 100                ;
; Clock MUX Protection                                             ; On                            ; On                 ;
; Auto Gated Clock Conversion                                      ; Off                           ; Off                ;
; Block Design Naming                                              ; Auto                          ; Auto               ;
; SDC constraint protection                                        ; Off                           ; Off                ;
; Synthesis Effort                                                 ; Auto                          ; Auto               ;
; Shift Register Replacement - Allow Asynchronous Clear Signal     ; On                            ; On                 ;
; Pre-Mapping Resynthesis Optimization                             ; Off                           ; Off                ;
; Analysis & Synthesis Message Level                               ; Medium                        ; Medium             ;
; Disable Register Merging Across Hierarchies                      ; Auto                          ; Auto               ;
; Resource Aware Inference For Block RAM                           ; On                            ; On                 ;
+------------------------------------------------------------------+-------------------------------+--------------------+


+------------------------------------------+
; Parallel Compilation                     ;
+----------------------------+-------------+
; Processors                 ; Number      ;
+----------------------------+-------------+
; Number detected on machine ; 8           ;
; Maximum allowed            ; 4           ;
;                            ;             ;
; Average used               ; 1.00        ;
; Maximum used               ; 4           ;
;                            ;             ;
; Usage by Processor         ; % Time Used ;
;     Processor 1            ; 100.0%      ;
;     Processors 2-4         ;   0.0%      ;
+----------------------------+-------------+


+----------------------------------------------------------------------------------------------------------------------------------------------------------------------------------------------------------------------+
; Analysis & Synthesis Source Files Read                                                                                                                                                                               ;
+----------------------------------+-----------------+------------------------+------------------------------------------------------------------------------------------------------------------------------+---------+
; File Name with User-Entered Path ; Used in Netlist ; File Type              ; File Name with Absolute Path                                                                                                 ; Library ;
+----------------------------------+-----------------+------------------------+------------------------------------------------------------------------------------------------------------------------------+---------+
; ../Contador con clk/contador.v   ; yes             ; User Verilog HDL File  ; C:/Users/victo/OneDrive/Escritorio/Escuela Victoria/Universidad/Logica Programable/Contador con clk/contador.v               ;         ;
; ../7 segmentos/seven7.v          ; yes             ; User Verilog HDL File  ; C:/Users/victo/OneDrive/Escritorio/Escuela Victoria/Universidad/Logica Programable/7 segmentos/seven7.v                      ;         ;
; debouncer.v                      ; yes             ; User Verilog HDL File  ; C:/Users/victo/OneDrive/Escritorio/Escuela Victoria/Universidad/Logica Programable/Debouncer/debouncer.v                     ;         ;
; ff_d.v                           ; yes             ; User Verilog HDL File  ; C:/Users/victo/OneDrive/Escritorio/Escuela Victoria/Universidad/Logica Programable/Debouncer/ff_d.v                          ;         ;
; counterDebouncer.v               ; yes             ; User Verilog HDL File  ; C:/Users/victo/OneDrive/Escritorio/Escuela Victoria/Universidad/Logica Programable/Debouncer/counterDebouncer.v              ;         ;
; ContadorWithDebouncer.v          ; yes             ; User Verilog HDL File  ; C:/Users/victo/OneDrive/Escritorio/Escuela Victoria/Universidad/Logica Programable/Debouncer/ContadorWithDebouncer.v         ;         ;
; ContadorWithDebouncer_wrapper.v  ; yes             ; User Verilog HDL File  ; C:/Users/victo/OneDrive/Escritorio/Escuela Victoria/Universidad/Logica Programable/Debouncer/ContadorWithDebouncer_wrapper.v ;         ;
+----------------------------------+-----------------+------------------------+------------------------------------------------------------------------------------------------------------------------------+---------+


+------------------------------------------------------------+
; Analysis & Synthesis Resource Usage Summary                ;
+---------------------------------------------+--------------+
; Resource                                    ; Usage        ;
+---------------------------------------------+--------------+
; Estimated Total logic elements              ; 42           ;
;                                             ;              ;
; Total combinational functions               ; 41           ;
; Logic element usage by number of LUT inputs ;              ;
;     -- 4 input functions                    ; 19           ;
;     -- 3 input functions                    ; 2            ;
;     -- <=2 input functions                  ; 20           ;
;                                             ;              ;
; Logic elements by mode                      ;              ;
;     -- normal mode                          ; 23           ;
;     -- arithmetic mode                      ; 18           ;
;                                             ;              ;
; Total registers                             ; 25           ;
;     -- Dedicated logic registers            ; 25           ;
;     -- I/O registers                        ; 0            ;
;                                             ;              ;
; I/O pins                                    ; 20           ;
;                                             ;              ;
; Embedded Multiplier 9-bit elements          ; 0            ;
;                                             ;              ;
; Maximum fan-out node                        ; KEY[0]~input ;
; Maximum fan-out                             ; 25           ;
; Total fan-out                               ; 242          ;
; Average fan-out                             ; 2.28         ;
+---------------------------------------------+--------------+


+-----------------------------------------------------------------------------------------------------------------------------------------------------------------------------------------------------------------------------------------------------------------------------------------------------------------------------------------------------------------+
; Analysis & Synthesis Resource Utilization by Entity                                                                                                                                                                                                                                                                                                             ;
+----------------------------------------------+---------------------+---------------------------+-------------+------------+--------------+---------+-----------+------+--------------+------------+--------------------------------------------------------------------------------------------------------------+-------------------------------+--------------+
; Compilation Hierarchy Node                   ; Combinational ALUTs ; Dedicated Logic Registers ; Memory Bits ; UFM Blocks ; DSP Elements ; DSP 9x9 ; DSP 18x18 ; Pins ; Virtual Pins ; ADC blocks ; Full Hierarchy Name                                                                                          ; Entity Name                   ; Library Name ;
+----------------------------------------------+---------------------+---------------------------+-------------+------------+--------------+---------+-----------+------+--------------+------------+--------------------------------------------------------------------------------------------------------------+-------------------------------+--------------+
; |ContadorWithDebouncer_wrapper               ; 41 (0)              ; 25 (0)                    ; 0           ; 0          ; 0            ; 0       ; 0         ; 20   ; 0            ; 0          ; |ContadorWithDebouncer_wrapper                                                                               ; ContadorWithDebouncer_wrapper ; work         ;
;    |ContadorWithDebouncer:WRAPPER|           ; 41 (0)              ; 25 (0)                    ; 0           ; 0          ; 0            ; 0       ; 0         ; 0    ; 0            ; 0          ; |ContadorWithDebouncer_wrapper|ContadorWithDebouncer:WRAPPER                                                 ; ContadorWithDebouncer         ; work         ;
;       |contador:COUNTER|                     ; 10 (10)             ; 4 (4)                     ; 0           ; 0          ; 0            ; 0       ; 0         ; 0    ; 0            ; 0          ; |ContadorWithDebouncer_wrapper|ContadorWithDebouncer:WRAPPER|contador:COUNTER                                ; contador                      ; work         ;
;       |debouncer:DEB|                        ; 24 (0)              ; 21 (0)                    ; 0           ; 0          ; 0            ; 0       ; 0         ; 0    ; 0            ; 0          ; |ContadorWithDebouncer_wrapper|ContadorWithDebouncer:WRAPPER|debouncer:DEB                                   ; debouncer                     ; work         ;
;          |counterDebouncer:CONTEO_DEBOUNCER| ; 24 (24)             ; 20 (20)                   ; 0           ; 0          ; 0            ; 0       ; 0         ; 0    ; 0            ; 0          ; |ContadorWithDebouncer_wrapper|ContadorWithDebouncer:WRAPPER|debouncer:DEB|counterDebouncer:CONTEO_DEBOUNCER ; counterDebouncer              ; work         ;
;          |ff_d:REGISTRO_GUARDAR|             ; 0 (0)               ; 1 (1)                     ; 0           ; 0          ; 0            ; 0       ; 0         ; 0    ; 0            ; 0          ; |ContadorWithDebouncer_wrapper|ContadorWithDebouncer:WRAPPER|debouncer:DEB|ff_d:REGISTRO_GUARDAR             ; ff_d                          ; work         ;
;       |seven7:DISPLAY|                       ; 7 (7)               ; 0 (0)                     ; 0           ; 0          ; 0            ; 0       ; 0         ; 0    ; 0            ; 0          ; |ContadorWithDebouncer_wrapper|ContadorWithDebouncer:WRAPPER|seven7:DISPLAY                                  ; seven7                        ; work         ;
+----------------------------------------------+---------------------+---------------------------+-------------+------------+--------------+---------+-----------+------+--------------+------------+--------------------------------------------------------------------------------------------------------------+-------------------------------+--------------+
Note: For table entries with two numbers listed, the numbers in parentheses indicate the number of resources of the given type used by the specific entity alone. The numbers listed outside of parentheses indicate the total resources of the given type used by the specific entity and all of its sub-entities in the hierarchy.


+------------------------------------------------------+
; General Register Statistics                          ;
+----------------------------------------------+-------+
; Statistic                                    ; Value ;
+----------------------------------------------+-------+
; Total registers                              ; 25    ;
; Number of registers using Synchronous Clear  ; 19    ;
; Number of registers using Synchronous Load   ; 0     ;
; Number of registers using Asynchronous Clear ; 25    ;
; Number of registers using Asynchronous Load  ; 0     ;
; Number of registers using Clock Enable       ; 0     ;
; Number of registers using Preset             ; 0     ;
+----------------------------------------------+-------+


+------------------------------------------------------------------------------------------+
; Parameter Settings for User Entity Instance: ContadorWithDebouncer:WRAPPER|debouncer:DEB ;
+----------------+--------+----------------------------------------------------------------+
; Parameter Name ; Value  ; Type                                                           ;
+----------------+--------+----------------------------------------------------------------+
; C_MAX          ; 500000 ; Signed Integer                                                 ;
+----------------+--------+----------------------------------------------------------------+
Note: In order to hide this table in the UI and the text report file, please set the "Show Parameter Settings in Synthesis Report" option in "Analysis and Synthesis Settings -> More Settings" to "Off".


+----------------------------------------------------------------------------------------------------------------------------+
; Parameter Settings for User Entity Instance: ContadorWithDebouncer:WRAPPER|debouncer:DEB|counterDebouncer:CONTEO_DEBOUNCER ;
+----------------+--------+--------------------------------------------------------------------------------------------------+
; Parameter Name ; Value  ; Type                                                                                             ;
+----------------+--------+--------------------------------------------------------------------------------------------------+
; C_MAX          ; 500000 ; Signed Integer                                                                                   ;
+----------------+--------+--------------------------------------------------------------------------------------------------+
Note: In order to hide this table in the UI and the text report file, please set the "Show Parameter Settings in Synthesis Report" option in "Analysis and Synthesis Settings -> More Settings" to "Off".


+----------------------------------------------------------------------------------------------------------------+
; Parameter Settings for User Entity Instance: ContadorWithDebouncer:WRAPPER|debouncer:DEB|ff_d:REGISTRO_GUARDAR ;
+----------------+-------+---------------------------------------------------------------------------------------+
; Parameter Name ; Value ; Type                                                                                  ;
+----------------+-------+---------------------------------------------------------------------------------------+
; BITS           ; 1     ; Signed Integer                                                                        ;
+----------------+-------+---------------------------------------------------------------------------------------+
Note: In order to hide this table in the UI and the text report file, please set the "Show Parameter Settings in Synthesis Report" option in "Analysis and Synthesis Settings -> More Settings" to "Off".


+-----------------------------------------------------+
; Post-Synthesis Netlist Statistics for Top Partition ;
+-----------------------+-----------------------------+
; Type                  ; Count                       ;
+-----------------------+-----------------------------+
; boundary_port         ; 20                          ;
; cycloneiii_ff         ; 25                          ;
;     CLR               ; 6                           ;
;     CLR SCLR          ; 19                          ;
; cycloneiii_lcell_comb ; 42                          ;
;     arith             ; 18                          ;
;         2 data inputs ; 18                          ;
;     normal            ; 24                          ;
;         1 data inputs ; 2                           ;
;         2 data inputs ; 1                           ;
;         3 data inputs ; 2                           ;
;         4 data inputs ; 19                          ;
;                       ;                             ;
; Max LUT depth         ; 3.00                        ;
; Average LUT depth     ; 2.16                        ;
+-----------------------+-----------------------------+


+-------------------------------+
; Elapsed Time Per Partition    ;
+----------------+--------------+
; Partition Name ; Elapsed Time ;
+----------------+--------------+
; Top            ; 00:00:00     ;
+----------------+--------------+


+-------------------------------+
; Analysis & Synthesis Messages ;
+-------------------------------+
Info: *******************************************************************
Info: Running Quartus Prime Analysis & Synthesis
    Info: Version 20.1.0 Build 711 06/05/2020 SJ Lite Edition
    Info: Processing started: Wed Mar 01 08:39:07 2023
Info: Command: quartus_map --read_settings_files=on --write_settings_files=off Debouncer -c Debouncer
Warning (18236): Number of processors has not been specified which may cause overloading on shared machines.  Set the global assignment NUM_PARALLEL_PROCESSORS in your QSF to an appropriate value for best performance.
Info (20030): Parallel compilation is enabled and will use 4 of the 4 processors detected
Info (12021): Found 1 design units, including 1 entities, in source file /users/victo/onedrive/escritorio/escuela victoria/universidad/logica programable/contador con clk/contador_tb.v
    Info (12023): Found entity 1: contador_tb File: C:/Users/victo/OneDrive/Escritorio/Escuela Victoria/Universidad/Logica Programable/Contador con clk/contador_tb.v Line: 1
Info (12021): Found 1 design units, including 1 entities, in source file /users/victo/onedrive/escritorio/escuela victoria/universidad/logica programable/contador con clk/contador.v
    Info (12023): Found entity 1: contador File: C:/Users/victo/OneDrive/Escritorio/Escuela Victoria/Universidad/Logica Programable/Contador con clk/contador.v Line: 1
Info (12021): Found 1 design units, including 1 entities, in source file /users/victo/onedrive/escritorio/escuela victoria/universidad/logica programable/7 segmentos/seven7.v
    Info (12023): Found entity 1: seven7 File: C:/Users/victo/OneDrive/Escritorio/Escuela Victoria/Universidad/Logica Programable/7 segmentos/seven7.v Line: 1
Info (12021): Found 1 design units, including 1 entities, in source file debouncer.v
    Info (12023): Found entity 1: debouncer File: C:/Users/victo/OneDrive/Escritorio/Escuela Victoria/Universidad/Logica Programable/Debouncer/debouncer.v Line: 1
Info (12021): Found 1 design units, including 1 entities, in source file ff_d.v
    Info (12023): Found entity 1: ff_d File: C:/Users/victo/OneDrive/Escritorio/Escuela Victoria/Universidad/Logica Programable/Debouncer/ff_d.v Line: 1
Info (12021): Found 1 design units, including 1 entities, in source file counterdebouncer.v
    Info (12023): Found entity 1: counterDebouncer File: C:/Users/victo/OneDrive/Escritorio/Escuela Victoria/Universidad/Logica Programable/Debouncer/counterDebouncer.v Line: 1
Info (12021): Found 1 design units, including 1 entities, in source file contadorwithdebouncer.v
    Info (12023): Found entity 1: ContadorWithDebouncer File: C:/Users/victo/OneDrive/Escritorio/Escuela Victoria/Universidad/Logica Programable/Debouncer/ContadorWithDebouncer.v Line: 1
Info (12021): Found 1 design units, including 1 entities, in source file contadorwithdebouncer_wrapper.v
    Info (12023): Found entity 1: ContadorWithDebouncer_wrapper File: C:/Users/victo/OneDrive/Escritorio/Escuela Victoria/Universidad/Logica Programable/Debouncer/ContadorWithDebouncer_wrapper.v Line: 1
Info (12127): Elaborating entity "ContadorWithDebouncer_wrapper" for the top level hierarchy
Info (12128): Elaborating entity "ContadorWithDebouncer" for hierarchy "ContadorWithDebouncer:WRAPPER" File: C:/Users/victo/OneDrive/Escritorio/Escuela Victoria/Universidad/Logica Programable/Debouncer/ContadorWithDebouncer_wrapper.v Line: 14
Info (12128): Elaborating entity "debouncer" for hierarchy "ContadorWithDebouncer:WRAPPER|debouncer:DEB" File: C:/Users/victo/OneDrive/Escritorio/Escuela Victoria/Universidad/Logica Programable/Debouncer/ContadorWithDebouncer.v Line: 15
Info (12128): Elaborating entity "counterDebouncer" for hierarchy "ContadorWithDebouncer:WRAPPER|debouncer:DEB|counterDebouncer:CONTEO_DEBOUNCER" File: C:/Users/victo/OneDrive/Escritorio/Escuela Victoria/Universidad/Logica Programable/Debouncer/debouncer.v Line: 11
Warning (10230): Verilog HDL assignment warning at counterDebouncer.v(24): truncated value with size 32 to match size of target (19) File: C:/Users/victo/OneDrive/Escritorio/Escuela Victoria/Universidad/Logica Programable/Debouncer/counterDebouncer.v Line: 24
Info (12128): Elaborating entity "ff_d" for hierarchy "ContadorWithDebouncer:WRAPPER|debouncer:DEB|ff_d:REGISTRO_GUARDAR" File: C:/Users/victo/OneDrive/Escritorio/Escuela Victoria/Universidad/Logica Programable/Debouncer/debouncer.v Line: 20
Info (12128): Elaborating entity "contador" for hierarchy "ContadorWithDebouncer:WRAPPER|contador:COUNTER" File: C:/Users/victo/OneDrive/Escritorio/Escuela Victoria/Universidad/Logica Programable/Debouncer/ContadorWithDebouncer.v Line: 22
Warning (10230): Verilog HDL assignment warning at contador.v(22): truncated value with size 32 to match size of target (4) File: C:/Users/victo/OneDrive/Escritorio/Escuela Victoria/Universidad/Logica Programable/Contador con clk/contador.v Line: 22
Info (12128): Elaborating entity "seven7" for hierarchy "ContadorWithDebouncer:WRAPPER|seven7:DISPLAY" File: C:/Users/victo/OneDrive/Escritorio/Escuela Victoria/Universidad/Logica Programable/Debouncer/ContadorWithDebouncer.v Line: 27
Info (286030): Timing-Driven Synthesis is running
Info (16010): Generating hard_block partition "hard_block:auto_generated_inst"
    Info (16011): Adding 0 node(s), including 0 DDIO, 0 PLL, 0 transceiver and 0 LCELL
Warning (21074): Design contains 6 input pin(s) that do not drive logic
    Warning (15610): No output dependent on input pin "SW[5]" File: C:/Users/victo/OneDrive/Escritorio/Escuela Victoria/Universidad/Logica Programable/Debouncer/ContadorWithDebouncer_wrapper.v Line: 2
    Warning (15610): No output dependent on input pin "SW[6]" File: C:/Users/victo/OneDrive/Escritorio/Escuela Victoria/Universidad/Logica Programable/Debouncer/ContadorWithDebouncer_wrapper.v Line: 2
    Warning (15610): No output dependent on input pin "SW[7]" File: C:/Users/victo/OneDrive/Escritorio/Escuela Victoria/Universidad/Logica Programable/Debouncer/ContadorWithDebouncer_wrapper.v Line: 2
    Warning (15610): No output dependent on input pin "SW[8]" File: C:/Users/victo/OneDrive/Escritorio/Escuela Victoria/Universidad/Logica Programable/Debouncer/ContadorWithDebouncer_wrapper.v Line: 2
    Warning (15610): No output dependent on input pin "SW[9]" File: C:/Users/victo/OneDrive/Escritorio/Escuela Victoria/Universidad/Logica Programable/Debouncer/ContadorWithDebouncer_wrapper.v Line: 2
    Warning (15610): No output dependent on input pin "KEY[1]" File: C:/Users/victo/OneDrive/Escritorio/Escuela Victoria/Universidad/Logica Programable/Debouncer/ContadorWithDebouncer_wrapper.v Line: 4
Info (21057): Implemented 63 device resources after synthesis - the final resource count might be different
    Info (21058): Implemented 13 input pins
    Info (21059): Implemented 7 output pins
    Info (21061): Implemented 43 logic cells
Info: Quartus Prime Analysis & Synthesis was successful. 0 errors, 10 warnings
    Info: Peak virtual memory: 4763 megabytes
    Info: Processing ended: Wed Mar 01 08:39:19 2023
    Info: Elapsed time: 00:00:12
    Info: Total CPU time (on all processors): 00:00:28


