Analysis & Synthesis report for Memory_RAM
Tue Mar 07 08:28:06 2023
Quartus Prime Version 20.1.0 Build 711 06/05/2020 SJ Lite Edition


---------------------
; Table of Contents ;
---------------------
  1. Legal Notice
  2. Analysis & Synthesis Summary
  3. Analysis & Synthesis Settings
  4. Parallel Compilation
  5. Analysis & Synthesis Source Files Read
  6. Analysis & Synthesis Resource Usage Summary
  7. Analysis & Synthesis Resource Utilization by Entity
  8. User-Specified and Inferred Latches
  9. General Register Statistics
 10. Inverted Register Statistics
 11. Parameter Settings for User Entity Instance: Top-level Entity: |memory_RAM
 12. Post-Synthesis Netlist Statistics for Top Partition
 13. Elapsed Time Per Partition
 14. Analysis & Synthesis Messages



----------------
; Legal Notice ;
----------------
Copyright (C) 2020  Intel Corporation. All rights reserved.
Your use of Intel Corporation's design tools, logic functions 
and other software and tools, and any partner logic 
functions, and any output files from any of the foregoing 
(including device programming or simulation files), and any 
associated documentation or information are expressly subject 
to the terms and conditions of the Intel Program License 
Subscription Agreement, the Intel Quartus Prime License Agreement,
the Intel FPGA IP License Agreement, or other applicable license
agreement, including, without limitation, that your use is for
the sole purpose of programming logic devices manufactured by
Intel and sold by Intel or its authorized distributors.  Please
refer to the applicable agreement for further details, at
https://fpgasoftware.intel.com/eula.



+----------------------------------------------------------------------------------+
; Analysis & Synthesis Summary                                                     ;
+------------------------------------+---------------------------------------------+
; Analysis & Synthesis Status        ; Successful - Tue Mar 07 08:28:06 2023       ;
; Quartus Prime Version              ; 20.1.0 Build 711 06/05/2020 SJ Lite Edition ;
; Revision Name                      ; Memory_RAM                                  ;
; Top-level Entity Name              ; memory_RAM                                  ;
; Family                             ; MAX 10                                      ;
; Total logic elements               ; 116                                         ;
;     Total combinational functions  ; 108                                         ;
;     Dedicated logic registers      ; 11                                          ;
; Total registers                    ; 11                                          ;
; Total pins                         ; 20                                          ;
; Total virtual pins                 ; 0                                           ;
; Total memory bits                  ; 0                                           ;
; Embedded Multiplier 9-bit elements ; 0                                           ;
; Total PLLs                         ; 0                                           ;
; UFM blocks                         ; 0                                           ;
; ADC blocks                         ; 0                                           ;
+------------------------------------+---------------------------------------------+


+------------------------------------------------------------------------------------------------------------+
; Analysis & Synthesis Settings                                                                              ;
+------------------------------------------------------------------+--------------------+--------------------+
; Option                                                           ; Setting            ; Default Value      ;
+------------------------------------------------------------------+--------------------+--------------------+
; Device                                                           ; 10M50DAF484C6GES   ;                    ;
; Top-level entity name                                            ; memory_RAM         ; Memory_RAM         ;
; Family name                                                      ; MAX 10             ; Cyclone V          ;
; Use smart compilation                                            ; Off                ; Off                ;
; Enable parallel Assembler and Timing Analyzer during compilation ; On                 ; On                 ;
; Enable compact report table                                      ; Off                ; Off                ;
; Restructure Multiplexers                                         ; Auto               ; Auto               ;
; Create Debugging Nodes for IP Cores                              ; Off                ; Off                ;
; Preserve fewer node names                                        ; On                 ; On                 ;
; Intel FPGA IP Evaluation Mode                                    ; Enable             ; Enable             ;
; Verilog Version                                                  ; Verilog_2001       ; Verilog_2001       ;
; VHDL Version                                                     ; VHDL_1993          ; VHDL_1993          ;
; State Machine Processing                                         ; Auto               ; Auto               ;
; Safe State Machine                                               ; Off                ; Off                ;
; Extract Verilog State Machines                                   ; On                 ; On                 ;
; Extract VHDL State Machines                                      ; On                 ; On                 ;
; Ignore Verilog initial constructs                                ; Off                ; Off                ;
; Iteration limit for constant Verilog loops                       ; 5000               ; 5000               ;
; Iteration limit for non-constant Verilog loops                   ; 250                ; 250                ;
; Add Pass-Through Logic to Inferred RAMs                          ; On                 ; On                 ;
; Infer RAMs from Raw Logic                                        ; On                 ; On                 ;
; Parallel Synthesis                                               ; On                 ; On                 ;
; DSP Block Balancing                                              ; Auto               ; Auto               ;
; NOT Gate Push-Back                                               ; On                 ; On                 ;
; Power-Up Don't Care                                              ; On                 ; On                 ;
; Remove Redundant Logic Cells                                     ; Off                ; Off                ;
; Remove Duplicate Registers                                       ; On                 ; On                 ;
; Ignore CARRY Buffers                                             ; Off                ; Off                ;
; Ignore CASCADE Buffers                                           ; Off                ; Off                ;
; Ignore GLOBAL Buffers                                            ; Off                ; Off                ;
; Ignore ROW GLOBAL Buffers                                        ; Off                ; Off                ;
; Ignore LCELL Buffers                                             ; Off                ; Off                ;
; Ignore SOFT Buffers                                              ; On                 ; On                 ;
; Limit AHDL Integers to 32 Bits                                   ; Off                ; Off                ;
; Optimization Technique                                           ; Balanced           ; Balanced           ;
; Carry Chain Length                                               ; 70                 ; 70                 ;
; Auto Carry Chains                                                ; On                 ; On                 ;
; Auto Open-Drain Pins                                             ; On                 ; On                 ;
; Perform WYSIWYG Primitive Resynthesis                            ; Off                ; Off                ;
; Auto ROM Replacement                                             ; On                 ; On                 ;
; Auto RAM Replacement                                             ; On                 ; On                 ;
; Auto DSP Block Replacement                                       ; On                 ; On                 ;
; Auto Shift Register Replacement                                  ; Auto               ; Auto               ;
; Allow Shift Register Merging across Hierarchies                  ; Auto               ; Auto               ;
; Auto Clock Enable Replacement                                    ; On                 ; On                 ;
; Strict RAM Replacement                                           ; Off                ; Off                ;
; Allow Synchronous Control Signals                                ; On                 ; On                 ;
; Force Use of Synchronous Clear Signals                           ; Off                ; Off                ;
; Auto RAM Block Balancing                                         ; On                 ; On                 ;
; Auto RAM to Logic Cell Conversion                                ; Off                ; Off                ;
; Auto Resource Sharing                                            ; Off                ; Off                ;
; Allow Any RAM Size For Recognition                               ; Off                ; Off                ;
; Allow Any ROM Size For Recognition                               ; Off                ; Off                ;
; Allow Any Shift Register Size For Recognition                    ; Off                ; Off                ;
; Use LogicLock Constraints during Resource Balancing              ; On                 ; On                 ;
; Ignore translate_off and synthesis_off directives                ; Off                ; Off                ;
; Timing-Driven Synthesis                                          ; On                 ; On                 ;
; Report Parameter Settings                                        ; On                 ; On                 ;
; Report Source Assignments                                        ; On                 ; On                 ;
; Report Connectivity Checks                                       ; On                 ; On                 ;
; Ignore Maximum Fan-Out Assignments                               ; Off                ; Off                ;
; Synchronization Register Chain Length                            ; 2                  ; 2                  ;
; Power Optimization During Synthesis                              ; Normal compilation ; Normal compilation ;
; HDL message level                                                ; Level2             ; Level2             ;
; Suppress Register Optimization Related Messages                  ; Off                ; Off                ;
; Number of Removed Registers Reported in Synthesis Report         ; 5000               ; 5000               ;
; Number of Swept Nodes Reported in Synthesis Report               ; 5000               ; 5000               ;
; Number of Inverted Registers Reported in Synthesis Report        ; 100                ; 100                ;
; Clock MUX Protection                                             ; On                 ; On                 ;
; Auto Gated Clock Conversion                                      ; Off                ; Off                ;
; Block Design Naming                                              ; Auto               ; Auto               ;
; SDC constraint protection                                        ; Off                ; Off                ;
; Synthesis Effort                                                 ; Auto               ; Auto               ;
; Shift Register Replacement - Allow Asynchronous Clear Signal     ; On                 ; On                 ;
; Pre-Mapping Resynthesis Optimization                             ; Off                ; Off                ;
; Analysis & Synthesis Message Level                               ; Medium             ; Medium             ;
; Disable Register Merging Across Hierarchies                      ; Auto               ; Auto               ;
; Resource Aware Inference For Block RAM                           ; On                 ; On                 ;
+------------------------------------------------------------------+--------------------+--------------------+


+------------------------------------------+
; Parallel Compilation                     ;
+----------------------------+-------------+
; Processors                 ; Number      ;
+----------------------------+-------------+
; Number detected on machine ; 8           ;
; Maximum allowed            ; 4           ;
;                            ;             ;
; Average used               ; 1.00        ;
; Maximum used               ; 4           ;
;                            ;             ;
; Usage by Processor         ; % Time Used ;
;     Processor 1            ; 100.0%      ;
;     Processors 2-4         ;   0.0%      ;
+----------------------------+-------------+


+-------------------------------------------------------------------------------------------------------------------------------------------------------------------------------------------------+
; Analysis & Synthesis Source Files Read                                                                                                                                                          ;
+----------------------------------+-----------------+------------------------+---------------------------------------------------------------------------------------------------------+---------+
; File Name with User-Entered Path ; Used in Netlist ; File Type              ; File Name with Absolute Path                                                                            ; Library ;
+----------------------------------+-----------------+------------------------+---------------------------------------------------------------------------------------------------------+---------+
; memory_RAM.v                     ; yes             ; User Verilog HDL File  ; C:/Users/victo/OneDrive/Escritorio/Escuela Victoria/Universidad/Logica Programable/Memoria/memory_RAM.v ;         ;
+----------------------------------+-----------------+------------------------+---------------------------------------------------------------------------------------------------------+---------+


+-----------------------------------------------------------+
; Analysis & Synthesis Resource Usage Summary               ;
+---------------------------------------------+-------------+
; Resource                                    ; Usage       ;
+---------------------------------------------+-------------+
; Estimated Total logic elements              ; 116         ;
;                                             ;             ;
; Total combinational functions               ; 108         ;
; Logic element usage by number of LUT inputs ;             ;
;     -- 4 input functions                    ; 39          ;
;     -- 3 input functions                    ; 66          ;
;     -- <=2 input functions                  ; 3           ;
;                                             ;             ;
; Logic elements by mode                      ;             ;
;     -- normal mode                          ; 108         ;
;     -- arithmetic mode                      ; 0           ;
;                                             ;             ;
; Total registers                             ; 11          ;
;     -- Dedicated logic registers            ; 11          ;
;     -- I/O registers                        ; 0           ;
;                                             ;             ;
; I/O pins                                    ; 20          ;
;                                             ;             ;
; Embedded Multiplier 9-bit elements          ; 0           ;
;                                             ;             ;
; Maximum fan-out node                        ; SW[0]~input ;
; Maximum fan-out                             ; 24          ;
; Total fan-out                               ; 420         ;
; Average fan-out                             ; 2.64        ;
+---------------------------------------------+-------------+


+------------------------------------------------------------------------------------------------------------------------------------------------------------------------------------------------------------------------------------+
; Analysis & Synthesis Resource Utilization by Entity                                                                                                                                                                                ;
+----------------------------+---------------------+---------------------------+-------------+------------+--------------+---------+-----------+------+--------------+------------+---------------------+-------------+--------------+
; Compilation Hierarchy Node ; Combinational ALUTs ; Dedicated Logic Registers ; Memory Bits ; UFM Blocks ; DSP Elements ; DSP 9x9 ; DSP 18x18 ; Pins ; Virtual Pins ; ADC blocks ; Full Hierarchy Name ; Entity Name ; Library Name ;
+----------------------------+---------------------+---------------------------+-------------+------------+--------------+---------+-----------+------+--------------+------------+---------------------+-------------+--------------+
; |memory_RAM                ; 108 (108)           ; 11 (11)                   ; 0           ; 0          ; 0            ; 0       ; 0         ; 20   ; 0            ; 0          ; |memory_RAM         ; memory_RAM  ; work         ;
+----------------------------+---------------------+---------------------------+-------------+------------+--------------+---------+-----------+------+--------------+------------+---------------------+-------------+--------------+
Note: For table entries with two numbers listed, the numbers in parentheses indicate the number of resources of the given type used by the specific entity alone. The numbers listed outside of parentheses indicate the total resources of the given type used by the specific entity and all of its sub-entities in the hierarchy.


+----------------------------------------------------------------------------------------------------+
; User-Specified and Inferred Latches                                                                ;
+-----------------------------------------------------+---------------------+------------------------+
; Latch Name                                          ; Latch Enable Signal ; Free of Timing Hazards ;
+-----------------------------------------------------+---------------------+------------------------+
; RAM~14                                              ; rtl~0               ; yes                    ;
; RAM~7                                               ; rtl~1               ; yes                    ;
; RAM~0                                               ; rtl~2               ; yes                    ;
; RAM~21                                              ; rtl~3               ; yes                    ;
; RAM~35                                              ; rtl~4               ; yes                    ;
; RAM~42                                              ; rtl~5               ; yes                    ;
; RAM~28                                              ; rtl~6               ; yes                    ;
; RAM~49                                              ; rtl~7               ; yes                    ;
; RAM~15                                              ; rtl~0               ; yes                    ;
; RAM~8                                               ; rtl~1               ; yes                    ;
; RAM~1                                               ; rtl~2               ; yes                    ;
; RAM~22                                              ; rtl~3               ; yes                    ;
; RAM~36                                              ; rtl~4               ; yes                    ;
; RAM~43                                              ; rtl~5               ; yes                    ;
; RAM~29                                              ; rtl~6               ; yes                    ;
; RAM~50                                              ; rtl~7               ; yes                    ;
; RAM~16                                              ; rtl~0               ; yes                    ;
; RAM~9                                               ; rtl~1               ; yes                    ;
; RAM~2                                               ; rtl~2               ; yes                    ;
; RAM~23                                              ; rtl~3               ; yes                    ;
; RAM~37                                              ; rtl~4               ; yes                    ;
; RAM~44                                              ; rtl~5               ; yes                    ;
; RAM~30                                              ; rtl~6               ; yes                    ;
; RAM~51                                              ; rtl~7               ; yes                    ;
; RAM~17                                              ; rtl~0               ; yes                    ;
; RAM~10                                              ; rtl~1               ; yes                    ;
; RAM~3                                               ; rtl~2               ; yes                    ;
; RAM~24                                              ; rtl~3               ; yes                    ;
; RAM~38                                              ; rtl~4               ; yes                    ;
; RAM~45                                              ; rtl~5               ; yes                    ;
; RAM~31                                              ; rtl~6               ; yes                    ;
; RAM~52                                              ; rtl~7               ; yes                    ;
; RAM~18                                              ; rtl~0               ; yes                    ;
; RAM~11                                              ; rtl~1               ; yes                    ;
; RAM~4                                               ; rtl~2               ; yes                    ;
; RAM~25                                              ; rtl~3               ; yes                    ;
; RAM~39                                              ; rtl~4               ; yes                    ;
; RAM~46                                              ; rtl~5               ; yes                    ;
; RAM~32                                              ; rtl~6               ; yes                    ;
; RAM~53                                              ; rtl~7               ; yes                    ;
; RAM~19                                              ; rtl~0               ; yes                    ;
; RAM~12                                              ; rtl~1               ; yes                    ;
; RAM~5                                               ; rtl~2               ; yes                    ;
; RAM~26                                              ; rtl~3               ; yes                    ;
; RAM~40                                              ; rtl~4               ; yes                    ;
; RAM~47                                              ; rtl~5               ; yes                    ;
; RAM~33                                              ; rtl~6               ; yes                    ;
; RAM~54                                              ; rtl~7               ; yes                    ;
; RAM~20                                              ; rtl~0               ; yes                    ;
; RAM~13                                              ; rtl~1               ; yes                    ;
; RAM~6                                               ; rtl~2               ; yes                    ;
; RAM~27                                              ; rtl~3               ; yes                    ;
; RAM~41                                              ; rtl~4               ; yes                    ;
; RAM~48                                              ; rtl~5               ; yes                    ;
; RAM~34                                              ; rtl~6               ; yes                    ;
; RAM~55                                              ; rtl~7               ; yes                    ;
; Number of user-specified and inferred latches = 56  ;                     ;                        ;
+-----------------------------------------------------+---------------------+------------------------+
Note: All latches listed above may not be present at the end of synthesis due to various synthesis optimizations.


+------------------------------------------------------+
; General Register Statistics                          ;
+----------------------------------------------+-------+
; Statistic                                    ; Value ;
+----------------------------------------------+-------+
; Total registers                              ; 11    ;
; Number of registers using Synchronous Clear  ; 0     ;
; Number of registers using Synchronous Load   ; 0     ;
; Number of registers using Asynchronous Clear ; 11    ;
; Number of registers using Asynchronous Load  ; 0     ;
; Number of registers using Clock Enable       ; 0     ;
; Number of registers using Preset             ; 0     ;
+----------------------------------------------+-------+


+--------------------------------------------------+
; Inverted Register Statistics                     ;
+----------------------------------------+---------+
; Inverted Register                      ; Fan out ;
+----------------------------------------+---------+
; RAM.we_a                               ; 8       ;
; Total number of inverted registers = 1 ;         ;
+----------------------------------------+---------+


+----------------------------------------------------------------------------+
; Parameter Settings for User Entity Instance: Top-level Entity: |memory_RAM ;
+----------------+-------+---------------------------------------------------+
; Parameter Name ; Value ; Type                                              ;
+----------------+-------+---------------------------------------------------+
; NBits          ; 7     ; Signed Integer                                    ;
; NAddr          ; 3     ; Signed Integer                                    ;
+----------------+-------+---------------------------------------------------+
Note: In order to hide this table in the UI and the text report file, please set the "Show Parameter Settings in Synthesis Report" option in "Analysis and Synthesis Settings -> More Settings" to "Off".


+-----------------------------------------------------+
; Post-Synthesis Netlist Statistics for Top Partition ;
+-----------------------+-----------------------------+
; Type                  ; Count                       ;
+-----------------------+-----------------------------+
; boundary_port         ; 20                          ;
; cycloneiii_ff         ; 11                          ;
;     CLR               ; 11                          ;
; cycloneiii_lcell_comb ; 108                         ;
;     normal            ; 108                         ;
;         2 data inputs ; 3                           ;
;         3 data inputs ; 66                          ;
;         4 data inputs ; 39                          ;
;                       ;                             ;
; Max LUT depth         ; 3.00                        ;
; Average LUT depth     ; 2.57                        ;
+-----------------------+-----------------------------+


+-------------------------------+
; Elapsed Time Per Partition    ;
+----------------+--------------+
; Partition Name ; Elapsed Time ;
+----------------+--------------+
; Top            ; 00:00:00     ;
+----------------+--------------+


+-------------------------------+
; Analysis & Synthesis Messages ;
+-------------------------------+
Info: *******************************************************************
Info: Running Quartus Prime Analysis & Synthesis
    Info: Version 20.1.0 Build 711 06/05/2020 SJ Lite Edition
    Info: Processing started: Tue Mar 07 08:27:53 2023
Info: Command: quartus_map --read_settings_files=on --write_settings_files=off Memory_RAM -c Memory_RAM
Info (125069): Default assignment values were changed in the current version of the Quartus Prime software -- changes to default assignments values are contained in file c:/intelfpga_lite/20.1/quartus/bin64/assignment_defaults.qdf
Warning (18236): Number of processors has not been specified which may cause overloading on shared machines.  Set the global assignment NUM_PARALLEL_PROCESSORS in your QSF to an appropriate value for best performance.
Info (20030): Parallel compilation is enabled and will use 4 of the 4 processors detected
Info (12021): Found 1 design units, including 1 entities, in source file memory_ram.v
    Info (12023): Found entity 1: memory_RAM File: C:/Users/victo/OneDrive/Escritorio/Escuela Victoria/Universidad/Logica Programable/Memoria/memory_RAM.v Line: 1
Info (12127): Elaborating entity "memory_RAM" for the top level hierarchy
Critical Warning (10237): Verilog HDL warning at memory_RAM.v(21): can't infer register for assignment in edge-triggered always construct because the clock isn't obvious. Generated combinational logic instead File: C:/Users/victo/OneDrive/Escritorio/Escuela Victoria/Universidad/Logica Programable/Memoria/memory_RAM.v Line: 21
Info (13000): Registers with preset signals will power-up high File: C:/Users/victo/OneDrive/Escritorio/Escuela Victoria/Universidad/Logica Programable/Memoria/memory_RAM.v Line: 10
Info (13003): DEV_CLRn pin will set, and not reset, register with preset signal due to NOT Gate Push-Back
Warning (13004): Presettable and clearable registers converted to equivalent circuits with latches. Registers power-up to an undefined state, and DEVCLRn places the registers in an undefined state.
    Warning (13310): Register "RAM.waddr_a[2]" is converted into an equivalent circuit using register "RAM.waddr_a[2]~_emulated" and latch "RAM.waddr_a[2]~1" File: C:/Users/victo/OneDrive/Escritorio/Escuela Victoria/Universidad/Logica Programable/Memoria/memory_RAM.v Line: 18
    Warning (13310): Register "RAM.waddr_a[1]" is converted into an equivalent circuit using register "RAM.waddr_a[1]~_emulated" and latch "RAM.waddr_a[1]~5" File: C:/Users/victo/OneDrive/Escritorio/Escuela Victoria/Universidad/Logica Programable/Memoria/memory_RAM.v Line: 18
    Warning (13310): Register "RAM.waddr_a[0]" is converted into an equivalent circuit using register "RAM.waddr_a[0]~_emulated" and latch "RAM.waddr_a[0]~9" File: C:/Users/victo/OneDrive/Escritorio/Escuela Victoria/Universidad/Logica Programable/Memoria/memory_RAM.v Line: 18
Info (286030): Timing-Driven Synthesis is running
Info (16010): Generating hard_block partition "hard_block:auto_generated_inst"
    Info (16011): Adding 0 node(s), including 0 DDIO, 0 PLL, 0 transceiver and 0 LCELL
Info (21057): Implemented 136 device resources after synthesis - the final resource count might be different
    Info (21058): Implemented 13 input pins
    Info (21059): Implemented 7 output pins
    Info (21061): Implemented 116 logic cells
Info: Quartus Prime Analysis & Synthesis was successful. 0 errors, 6 warnings
    Info: Peak virtual memory: 4763 megabytes
    Info: Processing ended: Tue Mar 07 08:28:06 2023
    Info: Elapsed time: 00:00:13
    Info: Total CPU time (on all processors): 00:00:31


